{"/Users/shunya/Documents/GitHub/mind-the-map/mindmap-app/src/core/clipboard/index.ts": {"path":"/Users/shunya/Documents/GitHub/mind-the-map/mindmap-app/src/core/clipboard/index.ts","statementMap":{"0":{"start":{"line":6,"column":19},"end":{"line":8,"column":null}},"1":{"start":{"line":7,"column":2},"end":{"line":7,"column":null}},"2":{"start":{"line":20,"column":32},"end":{"line":80,"column":null}},"3":{"start":{"line":22,"column":17},"end":{"line":22,"column":null}},"4":{"start":{"line":23,"column":14},"end":{"line":23,"column":null}},"5":{"start":{"line":26,"column":17},"end":{"line":26,"column":null}},"6":{"start":{"line":27,"column":2},"end":{"line":29,"column":null}},"7":{"start":{"line":28,"column":4},"end":{"line":28,"column":null}},"8":{"start":{"line":32,"column":26},"end":{"line":77,"column":null}},"9":{"start":{"line":33,"column":33},"end":{"line":33,"column":null}},"10":{"start":{"line":36,"column":23},"end":{"line":38,"column":null}},"11":{"start":{"line":37,"column":17},"end":{"line":37,"column":null}},"12":{"start":{"line":40,"column":4},"end":{"line":74,"column":null}},"13":{"start":{"line":42,"column":17},"end":{"line":42,"column":null}},"14":{"start":{"line":48,"column":31},"end":{"line":48,"column":null}},"15":{"start":{"line":49,"column":6},"end":{"line":65,"column":null}},"16":{"start":{"line":50,"column":8},"end":{"line":50,"column":null}},"17":{"start":{"line":53,"column":25},"end":{"line":53,"column":null}},"18":{"start":{"line":54,"column":8},"end":{"line":64,"column":null}},"19":{"start":{"line":56,"column":26},"end":{"line":56,"column":null}},"20":{"start":{"line":57,"column":34},"end":{"line":57,"column":null}},"21":{"start":{"line":58,"column":10},"end":{"line":60,"column":null}},"22":{"start":{"line":59,"column":12},"end":{"line":59,"column":null}},"23":{"start":{"line":61,"column":10},"end":{"line":61,"column":null}},"24":{"start":{"line":63,"column":10},"end":{"line":63,"column":null}},"25":{"start":{"line":68,"column":23},"end":{"line":68,"column":null}},"26":{"start":{"line":69,"column":23},"end":{"line":69,"column":null}},"27":{"start":{"line":71,"column":6},"end":{"line":73,"column":null}},"28":{"start":{"line":72,"column":8},"end":{"line":72,"column":null}},"29":{"start":{"line":76,"column":4},"end":{"line":76,"column":null}},"30":{"start":{"line":79,"column":2},"end":{"line":79,"column":null}},"31":{"start":{"line":85,"column":36},"end":{"line":125,"column":null}},"32":{"start":{"line":89,"column":25},"end":{"line":89,"column":null}},"33":{"start":{"line":90,"column":28},"end":{"line":90,"column":null}},"34":{"start":{"line":92,"column":33},"end":{"line":118,"column":null}},"35":{"start":{"line":96,"column":31},"end":{"line":96,"column":null}},"36":{"start":{"line":98,"column":4},"end":{"line":115,"column":null}},"37":{"start":{"line":99,"column":21},"end":{"line":99,"column":null}},"38":{"start":{"line":100,"column":6},"end":{"line":100,"column":null}},"39":{"start":{"line":103,"column":28},"end":{"line":103,"column":null}},"40":{"start":{"line":105,"column":25},"end":{"line":112,"column":null}},"41":{"start":{"line":114,"column":6},"end":{"line":114,"column":null}},"42":{"start":{"line":117,"column":4},"end":{"line":117,"column":null}},"43":{"start":{"line":121,"column":21},"end":{"line":121,"column":null}},"44":{"start":{"line":122,"column":2},"end":{"line":122,"column":null}},"45":{"start":{"line":124,"column":2},"end":{"line":124,"column":null}},"46":{"start":{"line":131,"column":27},"end":{"line":149,"column":null}},"47":{"start":{"line":132,"column":21},"end":{"line":145,"column":null}},"48":{"start":{"line":133,"column":17},"end":{"line":133,"column":null}},"49":{"start":{"line":134,"column":4},"end":{"line":134,"column":null}},"50":{"start":{"line":134,"column":15},"end":{"line":134,"column":null}},"51":{"start":{"line":136,"column":17},"end":{"line":136,"column":null}},"52":{"start":{"line":137,"column":24},"end":{"line":137,"column":null}},"53":{"start":{"line":139,"column":4},"end":{"line":141,"column":null}},"54":{"start":{"line":140,"column":6},"end":{"line":140,"column":null}},"55":{"start":{"line":143,"column":25},"end":{"line":143,"column":null}},"56":{"start":{"line":144,"column":4},"end":{"line":144,"column":null}},"57":{"start":{"line":147,"column":20},"end":{"line":147,"column":null}},"58":{"start":{"line":148,"column":2},"end":{"line":148,"column":null}},"59":{"start":{"line":155,"column":32},"end":{"line":180,"column":null}},"60":{"start":{"line":160,"column":26},"end":{"line":160,"column":null}},"61":{"start":{"line":162,"column":21},"end":{"line":173,"column":null}},"62":{"start":{"line":163,"column":17},"end":{"line":163,"column":null}},"63":{"start":{"line":164,"column":4},"end":{"line":164,"column":null}},"64":{"start":{"line":164,"column":15},"end":{"line":164,"column":null}},"65":{"start":{"line":166,"column":17},"end":{"line":166,"column":null}},"66":{"start":{"line":167,"column":19},"end":{"line":167,"column":null}},"67":{"start":{"line":168,"column":4},"end":{"line":168,"column":null}},"68":{"start":{"line":170,"column":4},"end":{"line":172,"column":null}},"69":{"start":{"line":171,"column":6},"end":{"line":171,"column":null}},"70":{"start":{"line":175,"column":2},"end":{"line":177,"column":null}},"71":{"start":{"line":176,"column":4},"end":{"line":176,"column":null}},"72":{"start":{"line":179,"column":2},"end":{"line":179,"column":null}},"73":{"start":{"line":186,"column":40},"end":{"line":245,"column":null}},"74":{"start":{"line":187,"column":16},"end":{"line":187,"column":null}},"75":{"start":{"line":187,"column":50},"end":{"line":187,"column":61}},"76":{"start":{"line":188,"column":2},"end":{"line":188,"column":null}},"77":{"start":{"line":188,"column":26},"end":{"line":188,"column":null}},"78":{"start":{"line":191,"column":27},"end":{"line":203,"column":null}},"79":{"start":{"line":192,"column":4},"end":{"line":201,"column":null}},"80":{"start":{"line":193,"column":20},"end":{"line":193,"column":null}},"81":{"start":{"line":194,"column":6},"end":{"line":200,"column":null}},"82":{"start":{"line":195,"column":23},"end":{"line":195,"column":null}},"83":{"start":{"line":196,"column":8},"end":{"line":196,"column":null}},"84":{"start":{"line":196,"column":35},"end":{"line":196,"column":null}},"85":{"start":{"line":198,"column":8},"end":{"line":198,"column":null}},"86":{"start":{"line":198,"column":32},"end":{"line":198,"column":null}},"87":{"start":{"line":199,"column":8},"end":{"line":199,"column":null}},"88":{"start":{"line":199,"column":32},"end":{"line":199,"column":null}},"89":{"start":{"line":202,"column":4},"end":{"line":202,"column":null}},"90":{"start":{"line":205,"column":21},"end":{"line":205,"column":null}},"91":{"start":{"line":208,"column":25},"end":{"line":216,"column":null}},"92":{"start":{"line":209,"column":18},"end":{"line":209,"column":null}},"93":{"start":{"line":210,"column":4},"end":{"line":210,"column":null}},"94":{"start":{"line":210,"column":16},"end":{"line":210,"column":null}},"95":{"start":{"line":211,"column":19},"end":{"line":211,"column":null}},"96":{"start":{"line":212,"column":4},"end":{"line":214,"column":null}},"97":{"start":{"line":213,"column":6},"end":{"line":213,"column":null}},"98":{"start":{"line":215,"column":4},"end":{"line":215,"column":null}},"99":{"start":{"line":219,"column":31},"end":{"line":219,"column":null}},"100":{"start":{"line":220,"column":55},"end":{"line":220,"column":null}},"101":{"start":{"line":222,"column":2},"end":{"line":242,"column":null}},"102":{"start":{"line":223,"column":18},"end":{"line":223,"column":null}},"103":{"start":{"line":224,"column":17},"end":{"line":224,"column":null}},"104":{"start":{"line":226,"column":32},"end":{"line":226,"column":null}},"105":{"start":{"line":229,"column":4},"end":{"line":231,"column":null}},"106":{"start":{"line":230,"column":6},"end":{"line":230,"column":null}},"107":{"start":{"line":233,"column":4},"end":{"line":239,"column":null}},"108":{"start":{"line":235,"column":6},"end":{"line":235,"column":null}},"109":{"start":{"line":238,"column":6},"end":{"line":238,"column":null}},"110":{"start":{"line":241,"column":4},"end":{"line":241,"column":null}},"111":{"start":{"line":244,"column":2},"end":{"line":244,"column":null}},"112":{"start":{"line":248,"column":19},"end":{"line":252,"column":null}},"113":{"start":{"line":249,"column":14},"end":{"line":249,"column":null}},"114":{"start":{"line":250,"column":2},"end":{"line":250,"column":null}},"115":{"start":{"line":251,"column":2},"end":{"line":251,"column":null}},"116":{"start":{"line":272,"column":33},"end":{"line":332,"column":null}},"117":{"start":{"line":277,"column":50},"end":{"line":277,"column":null}},"118":{"start":{"line":278,"column":17},"end":{"line":278,"column":null}},"119":{"start":{"line":280,"column":23},"end":{"line":291,"column":null}},"120":{"start":{"line":281,"column":17},"end":{"line":281,"column":null}},"121":{"start":{"line":282,"column":4},"end":{"line":282,"column":null}},"122":{"start":{"line":282,"column":15},"end":{"line":282,"column":null}},"123":{"start":{"line":284,"column":17},"end":{"line":284,"column":null}},"124":{"start":{"line":285,"column":4},"end":{"line":285,"column":null}},"125":{"start":{"line":286,"column":4},"end":{"line":286,"column":null}},"126":{"start":{"line":288,"column":4},"end":{"line":290,"column":null}},"127":{"start":{"line":289,"column":6},"end":{"line":289,"column":null}},"128":{"start":{"line":293,"column":2},"end":{"line":295,"column":null}},"129":{"start":{"line":294,"column":4},"end":{"line":294,"column":null}},"130":{"start":{"line":299,"column":29},"end":{"line":299,"column":null}},"131":{"start":{"line":300,"column":2},"end":{"line":310,"column":null}},"132":{"start":{"line":301,"column":28},"end":{"line":301,"column":null}},"133":{"start":{"line":302,"column":4},"end":{"line":308,"column":null}},"134":{"start":{"line":302,"column":17},"end":{"line":302,"column":20}},"135":{"start":{"line":303,"column":6},"end":{"line":307,"column":null}},"136":{"start":{"line":304,"column":8},"end":{"line":304,"column":null}},"137":{"start":{"line":306,"column":8},"end":{"line":306,"column":null}},"138":{"start":{"line":309,"column":4},"end":{"line":309,"column":null}},"139":{"start":{"line":311,"column":18},"end":{"line":311,"column":null}},"140":{"start":{"line":315,"column":30},"end":{"line":315,"column":null}},"141":{"start":{"line":316,"column":2},"end":{"line":326,"column":null}},"142":{"start":{"line":317,"column":28},"end":{"line":317,"column":null}},"143":{"start":{"line":318,"column":4},"end":{"line":324,"column":null}},"144":{"start":{"line":318,"column":17},"end":{"line":318,"column":20}},"145":{"start":{"line":319,"column":6},"end":{"line":323,"column":null}},"146":{"start":{"line":320,"column":8},"end":{"line":320,"column":null}},"147":{"start":{"line":322,"column":8},"end":{"line":322,"column":null}},"148":{"start":{"line":325,"column":4},"end":{"line":325,"column":null}},"149":{"start":{"line":329,"column":20},"end":{"line":329,"column":null}},"150":{"start":{"line":331,"column":2},"end":{"line":331,"column":null}},"151":{"start":{"line":338,"column":39},"end":{"line":371,"column":null}},"152":{"start":{"line":343,"column":26},"end":{"line":343,"column":null}},"153":{"start":{"line":345,"column":23},"end":{"line":357,"column":null}},"154":{"start":{"line":346,"column":17},"end":{"line":346,"column":null}},"155":{"start":{"line":347,"column":4},"end":{"line":347,"column":null}},"156":{"start":{"line":347,"column":15},"end":{"line":347,"column":null}},"157":{"start":{"line":349,"column":17},"end":{"line":349,"column":null}},"158":{"start":{"line":350,"column":4},"end":{"line":352,"column":null}},"159":{"start":{"line":351,"column":6},"end":{"line":351,"column":null}},"160":{"start":{"line":354,"column":4},"end":{"line":356,"column":null}},"161":{"start":{"line":355,"column":6},"end":{"line":355,"column":null}},"162":{"start":{"line":359,"column":2},"end":{"line":361,"column":null}},"163":{"start":{"line":360,"column":4},"end":{"line":360,"column":null}},"164":{"start":{"line":364,"column":20},"end":{"line":364,"column":null}},"165":{"start":{"line":367,"column":20},"end":{"line":367,"column":null}},"166":{"start":{"line":367,"column":37},"end":{"line":367,"column":73}},"167":{"start":{"line":368,"column":20},"end":{"line":368,"column":null}},"168":{"start":{"line":370,"column":2},"end":{"line":370,"column":null}}},"fnMap":{"0":{"name":"(anonymous_0)","decl":{"start":{"line":6,"column":19},"end":{"line":6,"column":33}},"loc":{"start":{"line":6,"column":33},"end":{"line":8,"column":null}},"line":6},"1":{"name":"(anonymous_1)","decl":{"start":{"line":20,"column":32},"end":{"line":20,"column":33}},"loc":{"start":{"line":20,"column":64},"end":{"line":80,"column":null}},"line":20},"2":{"name":"(anonymous_2)","decl":{"start":{"line":32,"column":26},"end":{"line":32,"column":27}},"loc":{"start":{"line":32,"column":57},"end":{"line":77,"column":null}},"line":32},"3":{"name":"(anonymous_3)","decl":{"start":{"line":37,"column":6},"end":{"line":37,"column":7}},"loc":{"start":{"line":37,"column":17},"end":{"line":37,"column":null}},"line":37},"4":{"name":"(anonymous_4)","decl":{"start":{"line":85,"column":36},"end":{"line":85,"column":null}},"loc":{"start":{"line":88,"column":44},"end":{"line":125,"column":null}},"line":88},"5":{"name":"(anonymous_5)","decl":{"start":{"line":92,"column":33},"end":{"line":92,"column":null}},"loc":{"start":{"line":95,"column":17},"end":{"line":118,"column":null}},"line":95},"6":{"name":"(anonymous_6)","decl":{"start":{"line":131,"column":27},"end":{"line":131,"column":28}},"loc":{"start":{"line":131,"column":74},"end":{"line":149,"column":null}},"line":131},"7":{"name":"(anonymous_7)","decl":{"start":{"line":132,"column":21},"end":{"line":132,"column":22}},"loc":{"start":{"line":132,"column":49},"end":{"line":145,"column":null}},"line":132},"8":{"name":"(anonymous_8)","decl":{"start":{"line":155,"column":32},"end":{"line":155,"column":null}},"loc":{"start":{"line":159,"column":13},"end":{"line":180,"column":null}},"line":159},"9":{"name":"(anonymous_9)","decl":{"start":{"line":162,"column":21},"end":{"line":162,"column":22}},"loc":{"start":{"line":162,"column":56},"end":{"line":173,"column":null}},"line":162},"10":{"name":"(anonymous_10)","decl":{"start":{"line":186,"column":40},"end":{"line":186,"column":41}},"loc":{"start":{"line":186,"column":72},"end":{"line":245,"column":null}},"line":186},"11":{"name":"(anonymous_11)","decl":{"start":{"line":187,"column":40},"end":{"line":187,"column":41}},"loc":{"start":{"line":187,"column":50},"end":{"line":187,"column":61}},"line":187},"12":{"name":"(anonymous_12)","decl":{"start":{"line":191,"column":27},"end":{"line":191,"column":41}},"loc":{"start":{"line":191,"column":41},"end":{"line":203,"column":null}},"line":191},"13":{"name":"(anonymous_13)","decl":{"start":{"line":208,"column":25},"end":{"line":208,"column":26}},"loc":{"start":{"line":208,"column":51},"end":{"line":216,"column":null}},"line":208},"14":{"name":"(anonymous_14)","decl":{"start":{"line":248,"column":19},"end":{"line":248,"column":20}},"loc":{"start":{"line":248,"column":45},"end":{"line":252,"column":null}},"line":248},"15":{"name":"(anonymous_15)","decl":{"start":{"line":272,"column":33},"end":{"line":272,"column":null}},"loc":{"start":{"line":275,"column":37},"end":{"line":332,"column":null}},"line":275},"16":{"name":"(anonymous_16)","decl":{"start":{"line":280,"column":23},"end":{"line":280,"column":24}},"loc":{"start":{"line":280,"column":58},"end":{"line":291,"column":null}},"line":280},"17":{"name":"(anonymous_17)","decl":{"start":{"line":338,"column":39},"end":{"line":338,"column":null}},"loc":{"start":{"line":341,"column":37},"end":{"line":371,"column":null}},"line":341},"18":{"name":"(anonymous_18)","decl":{"start":{"line":345,"column":23},"end":{"line":345,"column":24}},"loc":{"start":{"line":345,"column":43},"end":{"line":357,"column":null}},"line":345},"19":{"name":"(anonymous_19)","decl":{"start":{"line":367,"column":30},"end":{"line":367,"column":31}},"loc":{"start":{"line":367,"column":37},"end":{"line":367,"column":73}},"line":367}},"branchMap":{"0":{"loc":{"start":{"line":27,"column":2},"end":{"line":29,"column":null}},"type":"if","locations":[{"start":{"line":27,"column":2},"end":{"line":29,"column":null}},{"start":{},"end":{}}],"line":27},"1":{"loc":{"start":{"line":49,"column":6},"end":{"line":65,"column":null}},"type":"if","locations":[{"start":{"line":49,"column":6},"end":{"line":65,"column":null}},{"start":{"line":51,"column":13},"end":{"line":65,"column":null}}],"line":49},"2":{"loc":{"start":{"line":50,"column":15},"end":{"line":50,"column":null}},"type":"binary-expr","locations":[{"start":{"line":50,"column":15},"end":{"line":50,"column":55}},{"start":{"line":50,"column":55},"end":{"line":50,"column":null}}],"line":50},"3":{"loc":{"start":{"line":54,"column":8},"end":{"line":64,"column":null}},"type":"if","locations":[{"start":{"line":54,"column":8},"end":{"line":64,"column":null}},{"start":{"line":62,"column":15},"end":{"line":64,"column":null}}],"line":54},"4":{"loc":{"start":{"line":58,"column":10},"end":{"line":60,"column":null}},"type":"if","locations":[{"start":{"line":58,"column":10},"end":{"line":60,"column":null}},{"start":{},"end":{}}],"line":58},"5":{"loc":{"start":{"line":61,"column":17},"end":{"line":61,"column":null}},"type":"binary-expr","locations":[{"start":{"line":61,"column":17},"end":{"line":61,"column":48}},{"start":{"line":61,"column":48},"end":{"line":61,"column":null}}],"line":61},"6":{"loc":{"start":{"line":63,"column":17},"end":{"line":63,"column":null}},"type":"binary-expr","locations":[{"start":{"line":63,"column":17},"end":{"line":63,"column":43}},{"start":{"line":63,"column":43},"end":{"line":63,"column":null}}],"line":63},"7":{"loc":{"start":{"line":69,"column":23},"end":{"line":69,"column":null}},"type":"cond-expr","locations":[{"start":{"line":69,"column":34},"end":{"line":69,"column":62}},{"start":{"line":69,"column":62},"end":{"line":69,"column":null}}],"line":69},"8":{"loc":{"start":{"line":71,"column":6},"end":{"line":73,"column":null}},"type":"if","locations":[{"start":{"line":71,"column":6},"end":{"line":73,"column":null}},{"start":{},"end":{}}],"line":71},"9":{"loc":{"start":{"line":71,"column":10},"end":{"line":71,"column":39}},"type":"binary-expr","locations":[{"start":{"line":71,"column":10},"end":{"line":71,"column":18}},{"start":{"line":71,"column":18},"end":{"line":71,"column":39}}],"line":71},"10":{"loc":{"start":{"line":109,"column":39},"end":{"line":109,"column":60}},"type":"binary-expr","locations":[{"start":{"line":109,"column":39},"end":{"line":109,"column":49}},{"start":{"line":109,"column":49},"end":{"line":109,"column":60}}],"line":109},"11":{"loc":{"start":{"line":134,"column":4},"end":{"line":134,"column":null}},"type":"if","locations":[{"start":{"line":134,"column":4},"end":{"line":134,"column":null}},{"start":{},"end":{}}],"line":134},"12":{"loc":{"start":{"line":136,"column":17},"end":{"line":136,"column":null}},"type":"cond-expr","locations":[{"start":{"line":136,"column":48},"end":{"line":136,"column":68}},{"start":{"line":136,"column":68},"end":{"line":136,"column":null}}],"line":136},"13":{"loc":{"start":{"line":139,"column":4},"end":{"line":141,"column":null}},"type":"if","locations":[{"start":{"line":139,"column":4},"end":{"line":141,"column":null}},{"start":{},"end":{}}],"line":139},"14":{"loc":{"start":{"line":158,"column":2},"end":{"line":158,"column":null}},"type":"default-arg","locations":[{"start":{"line":158,"column":23},"end":{"line":158,"column":null}}],"line":158},"15":{"loc":{"start":{"line":164,"column":4},"end":{"line":164,"column":null}},"type":"if","locations":[{"start":{"line":164,"column":4},"end":{"line":164,"column":null}},{"start":{},"end":{}}],"line":164},"16":{"loc":{"start":{"line":166,"column":17},"end":{"line":166,"column":null}},"type":"cond-expr","locations":[{"start":{"line":166,"column":48},"end":{"line":166,"column":68}},{"start":{"line":166,"column":68},"end":{"line":166,"column":null}}],"line":166},"17":{"loc":{"start":{"line":188,"column":2},"end":{"line":188,"column":null}},"type":"if","locations":[{"start":{"line":188,"column":2},"end":{"line":188,"column":null}},{"start":{},"end":{}}],"line":188},"18":{"loc":{"start":{"line":194,"column":6},"end":{"line":200,"column":null}},"type":"if","locations":[{"start":{"line":194,"column":6},"end":{"line":200,"column":null}},{"start":{},"end":{}}],"line":194},"19":{"loc":{"start":{"line":196,"column":8},"end":{"line":196,"column":null}},"type":"if","locations":[{"start":{"line":196,"column":8},"end":{"line":196,"column":null}},{"start":{},"end":{}}],"line":196},"20":{"loc":{"start":{"line":198,"column":8},"end":{"line":198,"column":null}},"type":"if","locations":[{"start":{"line":198,"column":8},"end":{"line":198,"column":null}},{"start":{},"end":{}}],"line":198},"21":{"loc":{"start":{"line":199,"column":8},"end":{"line":199,"column":null}},"type":"if","locations":[{"start":{"line":199,"column":8},"end":{"line":199,"column":null}},{"start":{},"end":{}}],"line":199},"22":{"loc":{"start":{"line":210,"column":4},"end":{"line":210,"column":null}},"type":"if","locations":[{"start":{"line":210,"column":4},"end":{"line":210,"column":null}},{"start":{},"end":{}}],"line":210},"23":{"loc":{"start":{"line":212,"column":4},"end":{"line":214,"column":null}},"type":"if","locations":[{"start":{"line":212,"column":4},"end":{"line":214,"column":null}},{"start":{},"end":{}}],"line":212},"24":{"loc":{"start":{"line":213,"column":14},"end":{"line":213,"column":41}},"type":"binary-expr","locations":[{"start":{"line":213,"column":14},"end":{"line":213,"column":37}},{"start":{"line":213,"column":37},"end":{"line":213,"column":41}}],"line":213},"25":{"loc":{"start":{"line":229,"column":11},"end":{"line":229,"column":71}},"type":"binary-expr","locations":[{"start":{"line":229,"column":11},"end":{"line":229,"column":31}},{"start":{"line":229,"column":31},"end":{"line":229,"column":71}}],"line":229},"26":{"loc":{"start":{"line":233,"column":4},"end":{"line":239,"column":null}},"type":"if","locations":[{"start":{"line":233,"column":4},"end":{"line":239,"column":null}},{"start":{"line":236,"column":11},"end":{"line":239,"column":null}}],"line":233},"27":{"loc":{"start":{"line":282,"column":4},"end":{"line":282,"column":null}},"type":"if","locations":[{"start":{"line":282,"column":4},"end":{"line":282,"column":null}},{"start":{},"end":{}}],"line":282},"28":{"loc":{"start":{"line":284,"column":17},"end":{"line":284,"column":null}},"type":"cond-expr","locations":[{"start":{"line":284,"column":48},"end":{"line":284,"column":68}},{"start":{"line":284,"column":68},"end":{"line":284,"column":null}}],"line":284},"29":{"loc":{"start":{"line":303,"column":6},"end":{"line":307,"column":null}},"type":"if","locations":[{"start":{"line":303,"column":6},"end":{"line":307,"column":null}},{"start":{"line":305,"column":13},"end":{"line":307,"column":null}}],"line":303},"30":{"loc":{"start":{"line":319,"column":6},"end":{"line":323,"column":null}},"type":"if","locations":[{"start":{"line":319,"column":6},"end":{"line":323,"column":null}},{"start":{"line":321,"column":13},"end":{"line":323,"column":null}}],"line":319},"31":{"loc":{"start":{"line":347,"column":4},"end":{"line":347,"column":null}},"type":"if","locations":[{"start":{"line":347,"column":4},"end":{"line":347,"column":null}},{"start":{},"end":{}}],"line":347},"32":{"loc":{"start":{"line":349,"column":17},"end":{"line":349,"column":null}},"type":"cond-expr","locations":[{"start":{"line":349,"column":48},"end":{"line":349,"column":68}},{"start":{"line":349,"column":68},"end":{"line":349,"column":null}}],"line":349},"33":{"loc":{"start":{"line":350,"column":4},"end":{"line":352,"column":null}},"type":"if","locations":[{"start":{"line":350,"column":4},"end":{"line":352,"column":null}},{"start":{},"end":{}}],"line":350}},"s":{"0":1,"1":4,"2":1,"3":4,"4":4,"5":4,"6":4,"7":1,"8":3,"9":4,"10":4,"11":6,"12":4,"13":6,"14":6,"15":6,"16":1,"17":5,"18":5,"19":1,"20":1,"21":1,"22":1,"23":1,"24":4,"25":6,"26":6,"27":6,"28":6,"29":4,"30":3,"31":1,"32":2,"33":2,"34":2,"35":6,"36":6,"37":4,"38":4,"39":4,"40":4,"41":4,"42":6,"43":2,"44":2,"45":2,"46":1,"47":2,"48":3,"49":3,"50":0,"51":3,"52":3,"53":3,"54":2,"55":1,"56":1,"57":2,"58":2,"59":1,"60":2,"61":2,"62":4,"63":4,"64":0,"65":4,"66":4,"67":4,"68":4,"69":2,"70":2,"71":2,"72":2,"73":1,"74":5,"75":16,"76":5,"77":1,"78":4,"79":4,"80":10,"81":10,"82":2,"83":2,"84":1,"85":1,"86":0,"87":1,"88":1,"89":2,"90":4,"91":4,"92":12,"93":12,"94":0,"95":12,"96":12,"97":9,"98":3,"99":4,"100":4,"101":4,"102":12,"103":12,"104":12,"105":12,"106":5,"107":12,"108":8,"109":4,"110":12,"111":4,"112":1,"113":5,"114":5,"115":5,"116":1,"117":1,"118":1,"119":1,"120":2,"121":2,"122":0,"123":2,"124":2,"125":2,"126":2,"127":1,"128":1,"129":1,"130":1,"131":1,"132":2,"133":2,"134":2,"135":4,"136":2,"137":2,"138":2,"139":1,"140":1,"141":1,"142":2,"143":2,"144":2,"145":4,"146":2,"147":2,"148":2,"149":1,"150":1,"151":1,"152":0,"153":0,"154":0,"155":0,"156":0,"157":0,"158":0,"159":0,"160":0,"161":0,"162":0,"163":0,"164":0,"165":0,"166":0,"167":0,"168":0},"f":{"0":4,"1":4,"2":4,"3":6,"4":2,"5":6,"6":2,"7":3,"8":2,"9":4,"10":5,"11":16,"12":4,"13":12,"14":5,"15":1,"16":2,"17":0,"18":0,"19":0},"b":{"0":[1,3],"1":[1,5],"2":[1,0],"3":[1,4],"4":[1,0],"5":[1,0],"6":[4,0],"7":[1,5],"8":[6,0],"9":[6,0],"10":[4,1],"11":[0,3],"12":[3,0],"13":[2,1],"14":[2],"15":[0,4],"16":[4,0],"17":[1,4],"18":[2,8],"19":[1,1],"20":[0,1],"21":[1,0],"22":[0,12],"23":[9,3],"24":[9,7],"25":[12,9],"26":[8,4],"27":[0,2],"28":[2,0],"29":[2,2],"30":[2,2],"31":[0,0],"32":[0,0],"33":[0,0]},"meta":{"lastBranch":34,"lastFunction":20,"lastStatement":169,"seen":{"s:6:19:8:Infinity":0,"f:6:19:6:33":0,"s:7:2:7:Infinity":1,"s:20:32:80:Infinity":2,"f:20:32:20:33":1,"s:22:17:22:Infinity":3,"s:23:14:23:Infinity":4,"s:26:17:26:Infinity":5,"b:27:2:29:Infinity:undefined:undefined:undefined:undefined":0,"s:27:2:29:Infinity":6,"s:28:4:28:Infinity":7,"s:32:26:77:Infinity":8,"f:32:26:32:27":2,"s:33:33:33:Infinity":9,"s:36:23:38:Infinity":10,"f:37:6:37:7":3,"s:37:17:37:Infinity":11,"s:40:4:74:Infinity":12,"s:42:17:42:Infinity":13,"s:48:31:48:Infinity":14,"b:49:6:65:Infinity:51:13:65:Infinity":1,"s:49:6:65:Infinity":15,"s:50:8:50:Infinity":16,"b:50:15:50:55:50:55:50:Infinity":2,"s:53:25:53:Infinity":17,"b:54:8:64:Infinity:62:15:64:Infinity":3,"s:54:8:64:Infinity":18,"s:56:26:56:Infinity":19,"s:57:34:57:Infinity":20,"b:58:10:60:Infinity:undefined:undefined:undefined:undefined":4,"s:58:10:60:Infinity":21,"s:59:12:59:Infinity":22,"s:61:10:61:Infinity":23,"b:61:17:61:48:61:48:61:Infinity":5,"s:63:10:63:Infinity":24,"b:63:17:63:43:63:43:63:Infinity":6,"s:68:23:68:Infinity":25,"s:69:23:69:Infinity":26,"b:69:34:69:62:69:62:69:Infinity":7,"b:71:6:73:Infinity:undefined:undefined:undefined:undefined":8,"s:71:6:73:Infinity":27,"b:71:10:71:18:71:18:71:39":9,"s:72:8:72:Infinity":28,"s:76:4:76:Infinity":29,"s:79:2:79:Infinity":30,"s:85:36:125:Infinity":31,"f:85:36:85:Infinity":4,"s:89:25:89:Infinity":32,"s:90:28:90:Infinity":33,"s:92:33:118:Infinity":34,"f:92:33:92:Infinity":5,"s:96:31:96:Infinity":35,"s:98:4:115:Infinity":36,"s:99:21:99:Infinity":37,"s:100:6:100:Infinity":38,"s:103:28:103:Infinity":39,"s:105:25:112:Infinity":40,"b:109:39:109:49:109:49:109:60":10,"s:114:6:114:Infinity":41,"s:117:4:117:Infinity":42,"s:121:21:121:Infinity":43,"s:122:2:122:Infinity":44,"s:124:2:124:Infinity":45,"s:131:27:149:Infinity":46,"f:131:27:131:28":6,"s:132:21:145:Infinity":47,"f:132:21:132:22":7,"s:133:17:133:Infinity":48,"b:134:4:134:Infinity:undefined:undefined:undefined:undefined":11,"s:134:4:134:Infinity":49,"s:134:15:134:Infinity":50,"s:136:17:136:Infinity":51,"b:136:48:136:68:136:68:136:Infinity":12,"s:137:24:137:Infinity":52,"b:139:4:141:Infinity:undefined:undefined:undefined:undefined":13,"s:139:4:141:Infinity":53,"s:140:6:140:Infinity":54,"s:143:25:143:Infinity":55,"s:144:4:144:Infinity":56,"s:147:20:147:Infinity":57,"s:148:2:148:Infinity":58,"s:155:32:180:Infinity":59,"f:155:32:155:Infinity":8,"b:158:23:158:Infinity":14,"s:160:26:160:Infinity":60,"s:162:21:173:Infinity":61,"f:162:21:162:22":9,"s:163:17:163:Infinity":62,"b:164:4:164:Infinity:undefined:undefined:undefined:undefined":15,"s:164:4:164:Infinity":63,"s:164:15:164:Infinity":64,"s:166:17:166:Infinity":65,"b:166:48:166:68:166:68:166:Infinity":16,"s:167:19:167:Infinity":66,"s:168:4:168:Infinity":67,"s:170:4:172:Infinity":68,"s:171:6:171:Infinity":69,"s:175:2:177:Infinity":70,"s:176:4:176:Infinity":71,"s:179:2:179:Infinity":72,"s:186:40:245:Infinity":73,"f:186:40:186:41":10,"s:187:16:187:Infinity":74,"f:187:40:187:41":11,"s:187:50:187:61":75,"b:188:2:188:Infinity:undefined:undefined:undefined:undefined":17,"s:188:2:188:Infinity":76,"s:188:26:188:Infinity":77,"s:191:27:203:Infinity":78,"f:191:27:191:41":12,"s:192:4:201:Infinity":79,"s:193:20:193:Infinity":80,"b:194:6:200:Infinity:undefined:undefined:undefined:undefined":18,"s:194:6:200:Infinity":81,"s:195:23:195:Infinity":82,"b:196:8:196:Infinity:undefined:undefined:undefined:undefined":19,"s:196:8:196:Infinity":83,"s:196:35:196:Infinity":84,"b:198:8:198:Infinity:undefined:undefined:undefined:undefined":20,"s:198:8:198:Infinity":85,"s:198:32:198:Infinity":86,"b:199:8:199:Infinity:undefined:undefined:undefined:undefined":21,"s:199:8:199:Infinity":87,"s:199:32:199:Infinity":88,"s:202:4:202:Infinity":89,"s:205:21:205:Infinity":90,"s:208:25:216:Infinity":91,"f:208:25:208:26":13,"s:209:18:209:Infinity":92,"b:210:4:210:Infinity:undefined:undefined:undefined:undefined":22,"s:210:4:210:Infinity":93,"s:210:16:210:Infinity":94,"s:211:19:211:Infinity":95,"b:212:4:214:Infinity:undefined:undefined:undefined:undefined":23,"s:212:4:214:Infinity":96,"s:213:6:213:Infinity":97,"b:213:14:213:37:213:37:213:41":24,"s:215:4:215:Infinity":98,"s:219:31:219:Infinity":99,"s:220:55:220:Infinity":100,"s:222:2:242:Infinity":101,"s:223:18:223:Infinity":102,"s:224:17:224:Infinity":103,"s:226:32:226:Infinity":104,"s:229:4:231:Infinity":105,"b:229:11:229:31:229:31:229:71":25,"s:230:6:230:Infinity":106,"b:233:4:239:Infinity:236:11:239:Infinity":26,"s:233:4:239:Infinity":107,"s:235:6:235:Infinity":108,"s:238:6:238:Infinity":109,"s:241:4:241:Infinity":110,"s:244:2:244:Infinity":111,"s:248:19:252:Infinity":112,"f:248:19:248:20":14,"s:249:14:249:Infinity":113,"s:250:2:250:Infinity":114,"s:251:2:251:Infinity":115,"s:272:33:332:Infinity":116,"f:272:33:272:Infinity":15,"s:277:50:277:Infinity":117,"s:278:17:278:Infinity":118,"s:280:23:291:Infinity":119,"f:280:23:280:24":16,"s:281:17:281:Infinity":120,"b:282:4:282:Infinity:undefined:undefined:undefined:undefined":27,"s:282:4:282:Infinity":121,"s:282:15:282:Infinity":122,"s:284:17:284:Infinity":123,"b:284:48:284:68:284:68:284:Infinity":28,"s:285:4:285:Infinity":124,"s:286:4:286:Infinity":125,"s:288:4:290:Infinity":126,"s:289:6:289:Infinity":127,"s:293:2:295:Infinity":128,"s:294:4:294:Infinity":129,"s:299:29:299:Infinity":130,"s:300:2:310:Infinity":131,"s:301:28:301:Infinity":132,"s:302:4:308:Infinity":133,"s:302:17:302:20":134,"b:303:6:307:Infinity:305:13:307:Infinity":29,"s:303:6:307:Infinity":135,"s:304:8:304:Infinity":136,"s:306:8:306:Infinity":137,"s:309:4:309:Infinity":138,"s:311:18:311:Infinity":139,"s:315:30:315:Infinity":140,"s:316:2:326:Infinity":141,"s:317:28:317:Infinity":142,"s:318:4:324:Infinity":143,"s:318:17:318:20":144,"b:319:6:323:Infinity:321:13:323:Infinity":30,"s:319:6:323:Infinity":145,"s:320:8:320:Infinity":146,"s:322:8:322:Infinity":147,"s:325:4:325:Infinity":148,"s:329:20:329:Infinity":149,"s:331:2:331:Infinity":150,"s:338:39:371:Infinity":151,"f:338:39:338:Infinity":17,"s:343:26:343:Infinity":152,"s:345:23:357:Infinity":153,"f:345:23:345:24":18,"s:346:17:346:Infinity":154,"b:347:4:347:Infinity:undefined:undefined:undefined:undefined":31,"s:347:4:347:Infinity":155,"s:347:15:347:Infinity":156,"s:349:17:349:Infinity":157,"b:349:48:349:68:349:68:349:Infinity":32,"b:350:4:352:Infinity:undefined:undefined:undefined:undefined":33,"s:350:4:352:Infinity":158,"s:351:6:351:Infinity":159,"s:354:4:356:Infinity":160,"s:355:6:355:Infinity":161,"s:359:2:361:Infinity":162,"s:360:4:360:Infinity":163,"s:364:20:364:Infinity":164,"s:367:20:367:Infinity":165,"f:367:30:367:31":19,"s:367:37:367:73":166,"s:368:20:368:Infinity":167,"s:370:2:370:Infinity":168}}}
,"/Users/shunya/Documents/GitHub/mind-the-map/mindmap-app/src/core/navigation/index.ts": {"path":"/Users/shunya/Documents/GitHub/mind-the-map/mindmap-app/src/core/navigation/index.ts","statementMap":{"0":{"start":{"line":9,"column":33},"end":{"line":31,"column":null}},"1":{"start":{"line":13,"column":27},"end":{"line":13,"column":null}},"2":{"start":{"line":15,"column":19},"end":{"line":27,"column":null}},"3":{"start":{"line":16,"column":17},"end":{"line":16,"column":null}},"4":{"start":{"line":17,"column":4},"end":{"line":17,"column":null}},"5":{"start":{"line":17,"column":15},"end":{"line":17,"column":null}},"6":{"start":{"line":19,"column":4},"end":{"line":19,"column":null}},"7":{"start":{"line":22,"column":4},"end":{"line":26,"column":null}},"8":{"start":{"line":23,"column":6},"end":{"line":25,"column":null}},"9":{"start":{"line":24,"column":8},"end":{"line":24,"column":null}},"10":{"start":{"line":29,"column":2},"end":{"line":29,"column":null}},"11":{"start":{"line":30,"column":2},"end":{"line":30,"column":null}},"12":{"start":{"line":36,"column":29},"end":{"line":49,"column":null}},"13":{"start":{"line":41,"column":21},"end":{"line":41,"column":null}},"14":{"start":{"line":42,"column":23},"end":{"line":42,"column":null}},"15":{"start":{"line":44,"column":2},"end":{"line":46,"column":null}},"16":{"start":{"line":45,"column":4},"end":{"line":45,"column":null}},"17":{"start":{"line":48,"column":2},"end":{"line":48,"column":null}},"18":{"start":{"line":54,"column":33},"end":{"line":67,"column":null}},"19":{"start":{"line":59,"column":21},"end":{"line":59,"column":null}},"20":{"start":{"line":60,"column":23},"end":{"line":60,"column":null}},"21":{"start":{"line":62,"column":2},"end":{"line":64,"column":null}},"22":{"start":{"line":63,"column":4},"end":{"line":63,"column":null}},"23":{"start":{"line":66,"column":2},"end":{"line":66,"column":null}},"24":{"start":{"line":72,"column":31},"end":{"line":78,"column":null}},"25":{"start":{"line":76,"column":15},"end":{"line":76,"column":null}},"26":{"start":{"line":77,"column":2},"end":{"line":77,"column":null}},"27":{"start":{"line":83,"column":35},"end":{"line":92,"column":null}},"28":{"start":{"line":87,"column":15},"end":{"line":87,"column":null}},"29":{"start":{"line":88,"column":2},"end":{"line":90,"column":null}},"30":{"start":{"line":89,"column":4},"end":{"line":89,"column":null}},"31":{"start":{"line":91,"column":2},"end":{"line":91,"column":null}},"32":{"start":{"line":97,"column":36},"end":{"line":117,"column":null}},"33":{"start":{"line":101,"column":15},"end":{"line":101,"column":null}},"34":{"start":{"line":102,"column":2},"end":{"line":104,"column":null}},"35":{"start":{"line":103,"column":4},"end":{"line":103,"column":null}},"36":{"start":{"line":106,"column":17},"end":{"line":106,"column":null}},"37":{"start":{"line":107,"column":2},"end":{"line":109,"column":null}},"38":{"start":{"line":108,"column":4},"end":{"line":108,"column":null}},"39":{"start":{"line":111,"column":23},"end":{"line":111,"column":null}},"40":{"start":{"line":112,"column":2},"end":{"line":114,"column":null}},"41":{"start":{"line":113,"column":4},"end":{"line":113,"column":null}},"42":{"start":{"line":116,"column":2},"end":{"line":116,"column":null}},"43":{"start":{"line":122,"column":40},"end":{"line":142,"column":null}},"44":{"start":{"line":126,"column":15},"end":{"line":126,"column":null}},"45":{"start":{"line":127,"column":2},"end":{"line":129,"column":null}},"46":{"start":{"line":128,"column":4},"end":{"line":128,"column":null}},"47":{"start":{"line":131,"column":17},"end":{"line":131,"column":null}},"48":{"start":{"line":132,"column":2},"end":{"line":134,"column":null}},"49":{"start":{"line":133,"column":4},"end":{"line":133,"column":null}},"50":{"start":{"line":136,"column":23},"end":{"line":136,"column":null}},"51":{"start":{"line":137,"column":2},"end":{"line":139,"column":null}},"52":{"start":{"line":138,"column":4},"end":{"line":138,"column":null}},"53":{"start":{"line":141,"column":2},"end":{"line":141,"column":null}},"54":{"start":{"line":148,"column":29},"end":{"line":175,"column":null}},"55":{"start":{"line":153,"column":22},"end":{"line":153,"column":null}},"56":{"start":{"line":154,"column":2},"end":{"line":156,"column":null}},"57":{"start":{"line":155,"column":4},"end":{"line":155,"column":null}},"58":{"start":{"line":159,"column":21},"end":{"line":159,"column":null}},"59":{"start":{"line":160,"column":2},"end":{"line":162,"column":null}},"60":{"start":{"line":161,"column":4},"end":{"line":161,"column":null}},"61":{"start":{"line":165,"column":19},"end":{"line":165,"column":null}},"62":{"start":{"line":166,"column":2},"end":{"line":172,"column":null}},"63":{"start":{"line":167,"column":32},"end":{"line":167,"column":null}},"64":{"start":{"line":168,"column":4},"end":{"line":170,"column":null}},"65":{"start":{"line":169,"column":6},"end":{"line":169,"column":null}},"66":{"start":{"line":171,"column":4},"end":{"line":171,"column":null}},"67":{"start":{"line":174,"column":2},"end":{"line":174,"column":null}},"68":{"start":{"line":181,"column":27},"end":{"line":198,"column":null}},"69":{"start":{"line":186,"column":22},"end":{"line":186,"column":null}},"70":{"start":{"line":187,"column":2},"end":{"line":189,"column":null}},"71":{"start":{"line":188,"column":4},"end":{"line":188,"column":null}},"72":{"start":{"line":192,"column":17},"end":{"line":192,"column":null}},"73":{"start":{"line":193,"column":2},"end":{"line":195,"column":null}},"74":{"start":{"line":194,"column":4},"end":{"line":194,"column":null}},"75":{"start":{"line":197,"column":2},"end":{"line":197,"column":null}}},"fnMap":{"0":{"name":"(anonymous_0)","decl":{"start":{"line":9,"column":33},"end":{"line":9,"column":null}},"loc":{"start":{"line":12,"column":15},"end":{"line":31,"column":null}},"line":12},"1":{"name":"(anonymous_1)","decl":{"start":{"line":15,"column":19},"end":{"line":15,"column":20}},"loc":{"start":{"line":15,"column":39},"end":{"line":27,"column":null}},"line":15},"2":{"name":"(anonymous_2)","decl":{"start":{"line":36,"column":29},"end":{"line":36,"column":null}},"loc":{"start":{"line":40,"column":20},"end":{"line":49,"column":null}},"line":40},"3":{"name":"(anonymous_3)","decl":{"start":{"line":54,"column":33},"end":{"line":54,"column":null}},"loc":{"start":{"line":58,"column":20},"end":{"line":67,"column":null}},"line":58},"4":{"name":"(anonymous_4)","decl":{"start":{"line":72,"column":31},"end":{"line":72,"column":null}},"loc":{"start":{"line":75,"column":20},"end":{"line":78,"column":null}},"line":75},"5":{"name":"(anonymous_5)","decl":{"start":{"line":83,"column":35},"end":{"line":83,"column":null}},"loc":{"start":{"line":86,"column":20},"end":{"line":92,"column":null}},"line":86},"6":{"name":"(anonymous_6)","decl":{"start":{"line":97,"column":36},"end":{"line":97,"column":null}},"loc":{"start":{"line":100,"column":20},"end":{"line":117,"column":null}},"line":100},"7":{"name":"(anonymous_7)","decl":{"start":{"line":122,"column":40},"end":{"line":122,"column":null}},"loc":{"start":{"line":125,"column":20},"end":{"line":142,"column":null}},"line":125},"8":{"name":"(anonymous_8)","decl":{"start":{"line":148,"column":29},"end":{"line":148,"column":null}},"loc":{"start":{"line":151,"column":20},"end":{"line":175,"column":null}},"line":151},"9":{"name":"(anonymous_9)","decl":{"start":{"line":181,"column":27},"end":{"line":181,"column":null}},"loc":{"start":{"line":184,"column":20},"end":{"line":198,"column":null}},"line":184}},"branchMap":{"0":{"loc":{"start":{"line":17,"column":4},"end":{"line":17,"column":null}},"type":"if","locations":[{"start":{"line":17,"column":4},"end":{"line":17,"column":null}},{"start":{},"end":{}}],"line":17},"1":{"loc":{"start":{"line":22,"column":4},"end":{"line":26,"column":null}},"type":"if","locations":[{"start":{"line":22,"column":4},"end":{"line":26,"column":null}},{"start":{},"end":{}}],"line":22},"2":{"loc":{"start":{"line":44,"column":2},"end":{"line":46,"column":null}},"type":"if","locations":[{"start":{"line":44,"column":2},"end":{"line":46,"column":null}},{"start":{},"end":{}}],"line":44},"3":{"loc":{"start":{"line":44,"column":6},"end":{"line":44,"column":69}},"type":"binary-expr","locations":[{"start":{"line":44,"column":6},"end":{"line":44,"column":29}},{"start":{"line":44,"column":29},"end":{"line":44,"column":69}}],"line":44},"4":{"loc":{"start":{"line":62,"column":2},"end":{"line":64,"column":null}},"type":"if","locations":[{"start":{"line":62,"column":2},"end":{"line":64,"column":null}},{"start":{},"end":{}}],"line":62},"5":{"loc":{"start":{"line":77,"column":9},"end":{"line":77,"column":null}},"type":"binary-expr","locations":[{"start":{"line":77,"column":9},"end":{"line":77,"column":27}},{"start":{"line":77,"column":27},"end":{"line":77,"column":null}}],"line":77},"6":{"loc":{"start":{"line":88,"column":2},"end":{"line":90,"column":null}},"type":"if","locations":[{"start":{"line":88,"column":2},"end":{"line":90,"column":null}},{"start":{},"end":{}}],"line":88},"7":{"loc":{"start":{"line":88,"column":6},"end":{"line":88,"column":63}},"type":"binary-expr","locations":[{"start":{"line":88,"column":6},"end":{"line":88,"column":15}},{"start":{"line":88,"column":15},"end":{"line":88,"column":35}},{"start":{"line":88,"column":35},"end":{"line":88,"column":63}}],"line":88},"8":{"loc":{"start":{"line":102,"column":2},"end":{"line":104,"column":null}},"type":"if","locations":[{"start":{"line":102,"column":2},"end":{"line":104,"column":null}},{"start":{},"end":{}}],"line":102},"9":{"loc":{"start":{"line":102,"column":6},"end":{"line":102,"column":31}},"type":"binary-expr","locations":[{"start":{"line":102,"column":6},"end":{"line":102,"column":15}},{"start":{"line":102,"column":15},"end":{"line":102,"column":31}}],"line":102},"10":{"loc":{"start":{"line":107,"column":2},"end":{"line":109,"column":null}},"type":"if","locations":[{"start":{"line":107,"column":2},"end":{"line":109,"column":null}},{"start":{},"end":{}}],"line":107},"11":{"loc":{"start":{"line":112,"column":2},"end":{"line":114,"column":null}},"type":"if","locations":[{"start":{"line":112,"column":2},"end":{"line":114,"column":null}},{"start":{},"end":{}}],"line":112},"12":{"loc":{"start":{"line":112,"column":6},"end":{"line":112,"column":74}},"type":"binary-expr","locations":[{"start":{"line":112,"column":6},"end":{"line":112,"column":29}},{"start":{"line":112,"column":29},"end":{"line":112,"column":74}}],"line":112},"13":{"loc":{"start":{"line":127,"column":2},"end":{"line":129,"column":null}},"type":"if","locations":[{"start":{"line":127,"column":2},"end":{"line":129,"column":null}},{"start":{},"end":{}}],"line":127},"14":{"loc":{"start":{"line":127,"column":6},"end":{"line":127,"column":31}},"type":"binary-expr","locations":[{"start":{"line":127,"column":6},"end":{"line":127,"column":15}},{"start":{"line":127,"column":15},"end":{"line":127,"column":31}}],"line":127},"15":{"loc":{"start":{"line":132,"column":2},"end":{"line":134,"column":null}},"type":"if","locations":[{"start":{"line":132,"column":2},"end":{"line":134,"column":null}},{"start":{},"end":{}}],"line":132},"16":{"loc":{"start":{"line":137,"column":2},"end":{"line":139,"column":null}},"type":"if","locations":[{"start":{"line":137,"column":2},"end":{"line":139,"column":null}},{"start":{},"end":{}}],"line":137},"17":{"loc":{"start":{"line":154,"column":2},"end":{"line":156,"column":null}},"type":"if","locations":[{"start":{"line":154,"column":2},"end":{"line":156,"column":null}},{"start":{},"end":{}}],"line":154},"18":{"loc":{"start":{"line":160,"column":2},"end":{"line":162,"column":null}},"type":"if","locations":[{"start":{"line":160,"column":2},"end":{"line":162,"column":null}},{"start":{},"end":{}}],"line":160},"19":{"loc":{"start":{"line":168,"column":4},"end":{"line":170,"column":null}},"type":"if","locations":[{"start":{"line":168,"column":4},"end":{"line":170,"column":null}},{"start":{},"end":{}}],"line":168},"20":{"loc":{"start":{"line":187,"column":2},"end":{"line":189,"column":null}},"type":"if","locations":[{"start":{"line":187,"column":2},"end":{"line":189,"column":null}},{"start":{},"end":{}}],"line":187},"21":{"loc":{"start":{"line":193,"column":2},"end":{"line":195,"column":null}},"type":"if","locations":[{"start":{"line":193,"column":2},"end":{"line":195,"column":null}},{"start":{},"end":{}}],"line":193}},"s":{"0":1,"1":14,"2":14,"3":64,"4":64,"5":0,"6":64,"7":64,"8":63,"9":50,"10":14,"11":14,"12":1,"13":6,"14":6,"15":6,"16":2,"17":4,"18":1,"19":5,"20":5,"21":5,"22":1,"23":4,"24":1,"25":10,"26":10,"27":1,"28":8,"29":8,"30":5,"31":3,"32":1,"33":11,"34":11,"35":3,"36":8,"37":8,"38":0,"39":8,"40":8,"41":4,"42":4,"43":1,"44":10,"45":10,"46":2,"47":8,"48":8,"49":0,"50":8,"51":8,"52":4,"53":4,"54":1,"55":4,"56":4,"57":1,"58":3,"59":3,"60":1,"61":2,"62":2,"63":2,"64":2,"65":1,"66":1,"67":1,"68":1,"69":5,"70":5,"71":2,"72":3,"73":3,"74":2,"75":1},"f":{"0":14,"1":64,"2":6,"3":5,"4":10,"5":8,"6":11,"7":10,"8":4,"9":5},"b":{"0":[0,64],"1":[63,1],"2":[2,4],"3":[6,5],"4":[1,4],"5":[10,4],"6":[5,3],"7":[8,8,7],"8":[3,8],"9":[11,11],"10":[0,8],"11":[4,4],"12":[8,8],"13":[2,8],"14":[10,10],"15":[0,8],"16":[4,4],"17":[1,3],"18":[1,2],"19":[1,1],"20":[2,3],"21":[2,1]},"meta":{"lastBranch":22,"lastFunction":10,"lastStatement":76,"seen":{"s:9:33:31:Infinity":0,"f:9:33:9:Infinity":0,"s:13:27:13:Infinity":1,"s:15:19:27:Infinity":2,"f:15:19:15:20":1,"s:16:17:16:Infinity":3,"b:17:4:17:Infinity:undefined:undefined:undefined:undefined":0,"s:17:4:17:Infinity":4,"s:17:15:17:Infinity":5,"s:19:4:19:Infinity":6,"b:22:4:26:Infinity:undefined:undefined:undefined:undefined":1,"s:22:4:26:Infinity":7,"s:23:6:25:Infinity":8,"s:24:8:24:Infinity":9,"s:29:2:29:Infinity":10,"s:30:2:30:Infinity":11,"s:36:29:49:Infinity":12,"f:36:29:36:Infinity":2,"s:41:21:41:Infinity":13,"s:42:23:42:Infinity":14,"b:44:2:46:Infinity:undefined:undefined:undefined:undefined":2,"s:44:2:46:Infinity":15,"b:44:6:44:29:44:29:44:69":3,"s:45:4:45:Infinity":16,"s:48:2:48:Infinity":17,"s:54:33:67:Infinity":18,"f:54:33:54:Infinity":3,"s:59:21:59:Infinity":19,"s:60:23:60:Infinity":20,"b:62:2:64:Infinity:undefined:undefined:undefined:undefined":4,"s:62:2:64:Infinity":21,"s:63:4:63:Infinity":22,"s:66:2:66:Infinity":23,"s:72:31:78:Infinity":24,"f:72:31:72:Infinity":4,"s:76:15:76:Infinity":25,"s:77:2:77:Infinity":26,"b:77:9:77:27:77:27:77:Infinity":5,"s:83:35:92:Infinity":27,"f:83:35:83:Infinity":5,"s:87:15:87:Infinity":28,"b:88:2:90:Infinity:undefined:undefined:undefined:undefined":6,"s:88:2:90:Infinity":29,"b:88:6:88:15:88:15:88:35:88:35:88:63":7,"s:89:4:89:Infinity":30,"s:91:2:91:Infinity":31,"s:97:36:117:Infinity":32,"f:97:36:97:Infinity":6,"s:101:15:101:Infinity":33,"b:102:2:104:Infinity:undefined:undefined:undefined:undefined":8,"s:102:2:104:Infinity":34,"b:102:6:102:15:102:15:102:31":9,"s:103:4:103:Infinity":35,"s:106:17:106:Infinity":36,"b:107:2:109:Infinity:undefined:undefined:undefined:undefined":10,"s:107:2:109:Infinity":37,"s:108:4:108:Infinity":38,"s:111:23:111:Infinity":39,"b:112:2:114:Infinity:undefined:undefined:undefined:undefined":11,"s:112:2:114:Infinity":40,"b:112:6:112:29:112:29:112:74":12,"s:113:4:113:Infinity":41,"s:116:2:116:Infinity":42,"s:122:40:142:Infinity":43,"f:122:40:122:Infinity":7,"s:126:15:126:Infinity":44,"b:127:2:129:Infinity:undefined:undefined:undefined:undefined":13,"s:127:2:129:Infinity":45,"b:127:6:127:15:127:15:127:31":14,"s:128:4:128:Infinity":46,"s:131:17:131:Infinity":47,"b:132:2:134:Infinity:undefined:undefined:undefined:undefined":15,"s:132:2:134:Infinity":48,"s:133:4:133:Infinity":49,"s:136:23:136:Infinity":50,"b:137:2:139:Infinity:undefined:undefined:undefined:undefined":16,"s:137:2:139:Infinity":51,"s:138:4:138:Infinity":52,"s:141:2:141:Infinity":53,"s:148:29:175:Infinity":54,"f:148:29:148:Infinity":8,"s:153:22:153:Infinity":55,"b:154:2:156:Infinity:undefined:undefined:undefined:undefined":17,"s:154:2:156:Infinity":56,"s:155:4:155:Infinity":57,"s:159:21:159:Infinity":58,"b:160:2:162:Infinity:undefined:undefined:undefined:undefined":18,"s:160:2:162:Infinity":59,"s:161:4:161:Infinity":60,"s:165:19:165:Infinity":61,"s:166:2:172:Infinity":62,"s:167:32:167:Infinity":63,"b:168:4:170:Infinity:undefined:undefined:undefined:undefined":19,"s:168:4:170:Infinity":64,"s:169:6:169:Infinity":65,"s:171:4:171:Infinity":66,"s:174:2:174:Infinity":67,"s:181:27:198:Infinity":68,"f:181:27:181:Infinity":9,"s:186:22:186:Infinity":69,"b:187:2:189:Infinity:undefined:undefined:undefined:undefined":20,"s:187:2:189:Infinity":70,"s:188:4:188:Infinity":71,"s:192:17:192:Infinity":72,"b:193:2:195:Infinity:undefined:undefined:undefined:undefined":21,"s:193:2:195:Infinity":73,"s:194:4:194:Infinity":74,"s:197:2:197:Infinity":75}}}
,"/Users/shunya/Documents/GitHub/mind-the-map/mindmap-app/src/core/serialization/index.ts": {"path":"/Users/shunya/Documents/GitHub/mind-the-map/mindmap-app/src/core/serialization/index.ts","statementMap":{"0":{"start":{"line":6,"column":21},"end":{"line":6,"column":null}},"1":{"start":{"line":21,"column":25},"end":{"line":38,"column":null}},"2":{"start":{"line":26,"column":28},"end":{"line":35,"column":null}},"3":{"start":{"line":37,"column":2},"end":{"line":37,"column":null}},"4":{"start":{"line":41,"column":27},"end":{"line":66,"column":null}},"5":{"start":{"line":44,"column":15},"end":{"line":44,"column":null}},"6":{"start":{"line":47,"column":2},"end":{"line":49,"column":null}},"7":{"start":{"line":48,"column":4},"end":{"line":48,"column":null}},"8":{"start":{"line":52,"column":2},"end":{"line":54,"column":null}},"9":{"start":{"line":53,"column":4},"end":{"line":53,"column":null}},"10":{"start":{"line":57,"column":2},"end":{"line":59,"column":null}},"11":{"start":{"line":58,"column":4},"end":{"line":58,"column":null}},"12":{"start":{"line":61,"column":2},"end":{"line":65,"column":null}},"13":{"start":{"line":69,"column":32},"end":{"line":75,"column":null}},"14":{"start":{"line":70,"column":15},"end":{"line":70,"column":null}},"15":{"start":{"line":71,"column":2},"end":{"line":73,"column":null}},"16":{"start":{"line":72,"column":4},"end":{"line":72,"column":null}},"17":{"start":{"line":74,"column":2},"end":{"line":74,"column":null}}},"fnMap":{"0":{"name":"(anonymous_0)","decl":{"start":{"line":21,"column":25},"end":{"line":21,"column":null}},"loc":{"start":{"line":25,"column":13},"end":{"line":38,"column":null}},"line":25},"1":{"name":"(anonymous_1)","decl":{"start":{"line":41,"column":27},"end":{"line":41,"column":null}},"loc":{"start":{"line":43,"column":56},"end":{"line":66,"column":null}},"line":43},"2":{"name":"(anonymous_2)","decl":{"start":{"line":69,"column":32},"end":{"line":69,"column":33}},"loc":{"start":{"line":69,"column":76},"end":{"line":75,"column":null}},"line":69}},"branchMap":{"0":{"loc":{"start":{"line":24,"column":2},"end":{"line":24,"column":null}},"type":"default-arg","locations":[{"start":{"line":24,"column":18},"end":{"line":24,"column":null}}],"line":24},"1":{"loc":{"start":{"line":47,"column":2},"end":{"line":49,"column":null}},"type":"if","locations":[{"start":{"line":47,"column":2},"end":{"line":49,"column":null}},{"start":{},"end":{}}],"line":47},"2":{"loc":{"start":{"line":52,"column":2},"end":{"line":54,"column":null}},"type":"if","locations":[{"start":{"line":52,"column":2},"end":{"line":54,"column":null}},{"start":{},"end":{}}],"line":52},"3":{"loc":{"start":{"line":52,"column":6},"end":{"line":52,"column":35}},"type":"binary-expr","locations":[{"start":{"line":52,"column":6},"end":{"line":52,"column":22}},{"start":{"line":52,"column":22},"end":{"line":52,"column":35}}],"line":52},"4":{"loc":{"start":{"line":57,"column":2},"end":{"line":59,"column":null}},"type":"if","locations":[{"start":{"line":57,"column":2},"end":{"line":59,"column":null}},{"start":{},"end":{}}],"line":57},"5":{"loc":{"start":{"line":64,"column":11},"end":{"line":64,"column":null}},"type":"binary-expr","locations":[{"start":{"line":64,"column":11},"end":{"line":64,"column":35}},{"start":{"line":64,"column":35},"end":{"line":64,"column":null}}],"line":64},"6":{"loc":{"start":{"line":71,"column":2},"end":{"line":73,"column":null}},"type":"if","locations":[{"start":{"line":71,"column":2},"end":{"line":73,"column":null}},{"start":{},"end":{}}],"line":71},"7":{"loc":{"start":{"line":71,"column":6},"end":{"line":71,"column":44}},"type":"binary-expr","locations":[{"start":{"line":71,"column":6},"end":{"line":71,"column":14}},{"start":{"line":71,"column":14},"end":{"line":71,"column":44}}],"line":71},"8":{"loc":{"start":{"line":72,"column":11},"end":{"line":72,"column":null}},"type":"binary-expr","locations":[{"start":{"line":72,"column":11},"end":{"line":72,"column":32}},{"start":{"line":72,"column":32},"end":{"line":72,"column":null}}],"line":72}},"s":{"0":1,"1":1,"2":5,"3":5,"4":1,"5":7,"6":7,"7":1,"8":5,"9":2,"10":3,"11":1,"12":2,"13":1,"14":3,"15":3,"16":2,"17":1},"f":{"0":5,"1":7,"2":3},"b":{"0":[5],"1":[1,6],"2":[2,3],"3":[5,4],"4":[1,2],"5":[2,1],"6":[2,1],"7":[3,2],"8":[2,1]},"meta":{"lastBranch":9,"lastFunction":3,"lastStatement":18,"seen":{"s:6:21:6:Infinity":0,"s:21:25:38:Infinity":1,"f:21:25:21:Infinity":0,"b:24:18:24:Infinity":0,"s:26:28:35:Infinity":2,"s:37:2:37:Infinity":3,"s:41:27:66:Infinity":4,"f:41:27:41:Infinity":1,"s:44:15:44:Infinity":5,"b:47:2:49:Infinity:undefined:undefined:undefined:undefined":1,"s:47:2:49:Infinity":6,"s:48:4:48:Infinity":7,"b:52:2:54:Infinity:undefined:undefined:undefined:undefined":2,"s:52:2:54:Infinity":8,"b:52:6:52:22:52:22:52:35":3,"s:53:4:53:Infinity":9,"b:57:2:59:Infinity:undefined:undefined:undefined:undefined":4,"s:57:2:59:Infinity":10,"s:58:4:58:Infinity":11,"s:61:2:65:Infinity":12,"b:64:11:64:35:64:35:64:Infinity":5,"s:69:32:75:Infinity":13,"f:69:32:69:33":2,"s:70:15:70:Infinity":14,"b:71:2:73:Infinity:undefined:undefined:undefined:undefined":6,"s:71:2:73:Infinity":15,"b:71:6:71:14:71:14:71:44":7,"s:72:4:72:Infinity":16,"b:72:11:72:32:72:32:72:Infinity":8,"s:74:2:74:Infinity":17}}}
,"/Users/shunya/Documents/GitHub/mind-the-map/mindmap-app/src/store/documentStore.ts": {"path":"/Users/shunya/Documents/GitHub/mind-the-map/mindmap-app/src/store/documentStore.ts","statementMap":{"0":{"start":{"line":26,"column":25},"end":{"line":26,"column":null}},"1":{"start":{"line":29,"column":19},"end":{"line":31,"column":null}},"2":{"start":{"line":30,"column":2},"end":{"line":30,"column":null}},"3":{"start":{"line":34,"column":23},"end":{"line":41,"column":null}},"4":{"start":{"line":34,"column":36},"end":{"line":41,"column":null}},"5":{"start":{"line":44,"column":27},"end":{"line":79,"column":null}},"6":{"start":{"line":45,"column":15},"end":{"line":45,"column":null}},"7":{"start":{"line":46,"column":23},"end":{"line":53,"column":null}},"8":{"start":{"line":54,"column":23},"end":{"line":61,"column":null}},"9":{"start":{"line":62,"column":28},"end":{"line":69,"column":null}},"10":{"start":{"line":71,"column":2},"end":{"line":71,"column":null}},"11":{"start":{"line":73,"column":2},"end":{"line":78,"column":null}},"12":{"start":{"line":229,"column":19},"end":{"line":231,"column":null}},"13":{"start":{"line":230,"column":2},"end":{"line":230,"column":null}},"14":{"start":{"line":234,"column":28},"end":{"line":285,"column":null}},"15":{"start":{"line":235,"column":16},"end":{"line":235,"column":null}},"16":{"start":{"line":238,"column":2},"end":{"line":241,"column":null}},"17":{"start":{"line":239,"column":4},"end":{"line":239,"column":null}},"18":{"start":{"line":240,"column":4},"end":{"line":240,"column":null}},"19":{"start":{"line":243,"column":21},"end":{"line":243,"column":null}},"20":{"start":{"line":244,"column":34},"end":{"line":244,"column":null}},"21":{"start":{"line":247,"column":18},"end":{"line":259,"column":null}},"22":{"start":{"line":248,"column":27},"end":{"line":248,"column":null}},"23":{"start":{"line":249,"column":35},"end":{"line":249,"column":null}},"24":{"start":{"line":250,"column":4},"end":{"line":257,"column":null}},"25":{"start":{"line":251,"column":44},"end":{"line":251,"column":null}},"26":{"start":{"line":252,"column":6},"end":{"line":252,"column":null}},"27":{"start":{"line":252,"column":24},"end":{"line":252,"column":null}},"28":{"start":{"line":253,"column":6},"end":{"line":255,"column":null}},"29":{"start":{"line":254,"column":8},"end":{"line":254,"column":null}},"30":{"start":{"line":256,"column":6},"end":{"line":256,"column":null}},"31":{"start":{"line":258,"column":4},"end":{"line":258,"column":null}},"32":{"start":{"line":262,"column":19},"end":{"line":281,"column":null}},"33":{"start":{"line":263,"column":43},"end":{"line":263,"column":null}},"34":{"start":{"line":264,"column":4},"end":{"line":264,"column":null}},"35":{"start":{"line":264,"column":23},"end":{"line":264,"column":null}},"36":{"start":{"line":266,"column":4},"end":{"line":275,"column":null}},"37":{"start":{"line":267,"column":19},"end":{"line":267,"column":null}},"38":{"start":{"line":268,"column":6},"end":{"line":274,"column":null}},"39":{"start":{"line":269,"column":8},"end":{"line":273,"column":null}},"40":{"start":{"line":278,"column":4},"end":{"line":280,"column":null}},"41":{"start":{"line":279,"column":6},"end":{"line":279,"column":null}},"42":{"start":{"line":283,"column":2},"end":{"line":283,"column":null}},"43":{"start":{"line":284,"column":2},"end":{"line":284,"column":null}},"44":{"start":{"line":288,"column":24},"end":{"line":307,"column":null}},"45":{"start":{"line":289,"column":18},"end":{"line":289,"column":null}},"46":{"start":{"line":290,"column":23},"end":{"line":304,"column":null}},"47":{"start":{"line":291,"column":17},"end":{"line":291,"column":null}},"48":{"start":{"line":292,"column":4},"end":{"line":292,"column":null}},"49":{"start":{"line":292,"column":15},"end":{"line":292,"column":null}},"50":{"start":{"line":293,"column":4},"end":{"line":300,"column":null}},"51":{"start":{"line":294,"column":6},"end":{"line":299,"column":null}},"52":{"start":{"line":295,"column":20},"end":{"line":295,"column":null}},"53":{"start":{"line":296,"column":8},"end":{"line":298,"column":null}},"54":{"start":{"line":297,"column":10},"end":{"line":297,"column":null}},"55":{"start":{"line":301,"column":4},"end":{"line":303,"column":null}},"56":{"start":{"line":302,"column":6},"end":{"line":302,"column":null}},"57":{"start":{"line":305,"column":2},"end":{"line":305,"column":null}},"58":{"start":{"line":306,"column":2},"end":{"line":306,"column":null}},"59":{"start":{"line":312,"column":37},"end":{"line":407,"column":null}},"60":{"start":{"line":319,"column":19},"end":{"line":319,"column":null}},"61":{"start":{"line":320,"column":21},"end":{"line":328,"column":null}},"62":{"start":{"line":321,"column":4},"end":{"line":321,"column":null}},"63":{"start":{"line":322,"column":17},"end":{"line":322,"column":null}},"64":{"start":{"line":323,"column":4},"end":{"line":327,"column":null}},"65":{"start":{"line":324,"column":6},"end":{"line":326,"column":null}},"66":{"start":{"line":325,"column":8},"end":{"line":325,"column":null}},"67":{"start":{"line":329,"column":2},"end":{"line":329,"column":null}},"68":{"start":{"line":332,"column":2},"end":{"line":354,"column":null}},"69":{"start":{"line":333,"column":36},"end":{"line":341,"column":null}},"70":{"start":{"line":334,"column":19},"end":{"line":334,"column":null}},"71":{"start":{"line":335,"column":6},"end":{"line":335,"column":null}},"72":{"start":{"line":335,"column":32},"end":{"line":335,"column":null}},"73":{"start":{"line":336,"column":6},"end":{"line":340,"column":null}},"74":{"start":{"line":337,"column":8},"end":{"line":339,"column":null}},"75":{"start":{"line":338,"column":22},"end":{"line":338,"column":null}},"76":{"start":{"line":344,"column":4},"end":{"line":348,"column":null}},"77":{"start":{"line":345,"column":6},"end":{"line":347,"column":null}},"78":{"start":{"line":346,"column":8},"end":{"line":346,"column":null}},"79":{"start":{"line":351,"column":4},"end":{"line":353,"column":null}},"80":{"start":{"line":352,"column":6},"end":{"line":352,"column":null}},"81":{"start":{"line":357,"column":2},"end":{"line":359,"column":null}},"82":{"start":{"line":358,"column":4},"end":{"line":358,"column":null}},"83":{"start":{"line":362,"column":23},"end":{"line":362,"column":null}},"84":{"start":{"line":365,"column":28},"end":{"line":373,"column":null}},"85":{"start":{"line":366,"column":17},"end":{"line":366,"column":null}},"86":{"start":{"line":367,"column":4},"end":{"line":367,"column":null}},"87":{"start":{"line":367,"column":30},"end":{"line":367,"column":null}},"88":{"start":{"line":368,"column":4},"end":{"line":372,"column":null}},"89":{"start":{"line":369,"column":6},"end":{"line":371,"column":null}},"90":{"start":{"line":370,"column":20},"end":{"line":370,"column":null}},"91":{"start":{"line":377,"column":23},"end":{"line":400,"column":null}},"92":{"start":{"line":378,"column":17},"end":{"line":378,"column":null}},"93":{"start":{"line":379,"column":4},"end":{"line":379,"column":null}},"94":{"start":{"line":379,"column":15},"end":{"line":379,"column":null}},"95":{"start":{"line":382,"column":4},"end":{"line":382,"column":null}},"96":{"start":{"line":382,"column":31},"end":{"line":382,"column":null}},"97":{"start":{"line":385,"column":32},"end":{"line":385,"column":null}},"98":{"start":{"line":386,"column":4},"end":{"line":390,"column":null}},"99":{"start":{"line":387,"column":6},"end":{"line":389,"column":null}},"100":{"start":{"line":388,"column":8},"end":{"line":388,"column":null}},"101":{"start":{"line":393,"column":20},"end":{"line":393,"column":null}},"102":{"start":{"line":394,"column":4},"end":{"line":397,"column":null}},"103":{"start":{"line":395,"column":6},"end":{"line":395,"column":null}},"104":{"start":{"line":396,"column":6},"end":{"line":396,"column":null}},"105":{"start":{"line":399,"column":4},"end":{"line":399,"column":null}},"106":{"start":{"line":403,"column":2},"end":{"line":403,"column":null}},"107":{"start":{"line":404,"column":2},"end":{"line":404,"column":null}},"108":{"start":{"line":406,"column":2},"end":{"line":406,"column":null}},"109":{"start":{"line":410,"column":22},"end":{"line":428,"column":null}},"110":{"start":{"line":412,"column":21},"end":{"line":412,"column":null}},"111":{"start":{"line":415,"column":2},"end":{"line":418,"column":null}},"112":{"start":{"line":421,"column":2},"end":{"line":425,"column":null}},"113":{"start":{"line":422,"column":4},"end":{"line":422,"column":null}},"114":{"start":{"line":424,"column":4},"end":{"line":424,"column":null}},"115":{"start":{"line":427,"column":2},"end":{"line":427,"column":null}},"116":{"start":{"line":430,"column":13},"end":{"line":1614,"column":null}},"117":{"start":{"line":431,"column":23},"end":{"line":1613,"column":4}},"118":{"start":{"line":478,"column":6},"end":{"line":481,"column":null}},"119":{"start":{"line":479,"column":8},"end":{"line":479,"column":null}},"120":{"start":{"line":480,"column":8},"end":{"line":480,"column":null}},"121":{"start":{"line":484,"column":6},"end":{"line":497,"column":null}},"122":{"start":{"line":485,"column":8},"end":{"line":496,"column":null}},"123":{"start":{"line":487,"column":10},"end":{"line":487,"column":null}},"124":{"start":{"line":487,"column":71},"end":{"line":487,"column":84}},"125":{"start":{"line":489,"column":10},"end":{"line":491,"column":null}},"126":{"start":{"line":490,"column":12},"end":{"line":490,"column":null}},"127":{"start":{"line":494,"column":10},"end":{"line":494,"column":null}},"128":{"start":{"line":495,"column":10},"end":{"line":495,"column":null}},"129":{"start":{"line":500,"column":6},"end":{"line":537,"column":null}},"130":{"start":{"line":501,"column":8},"end":{"line":506,"column":null}},"131":{"start":{"line":503,"column":10},"end":{"line":503,"column":null}},"132":{"start":{"line":504,"column":10},"end":{"line":504,"column":null}},"133":{"start":{"line":505,"column":10},"end":{"line":505,"column":null}},"134":{"start":{"line":509,"column":32},"end":{"line":519,"column":null}},"135":{"start":{"line":510,"column":23},"end":{"line":510,"column":null}},"136":{"start":{"line":511,"column":10},"end":{"line":511,"column":null}},"137":{"start":{"line":511,"column":21},"end":{"line":511,"column":null}},"138":{"start":{"line":512,"column":35},"end":{"line":512,"column":null}},"139":{"start":{"line":513,"column":10},"end":{"line":517,"column":null}},"140":{"start":{"line":514,"column":12},"end":{"line":516,"column":null}},"141":{"start":{"line":515,"column":14},"end":{"line":515,"column":null}},"142":{"start":{"line":518,"column":10},"end":{"line":518,"column":null}},"143":{"start":{"line":521,"column":29},"end":{"line":521,"column":null}},"144":{"start":{"line":522,"column":27},"end":{"line":522,"column":null}},"145":{"start":{"line":523,"column":25},"end":{"line":523,"column":null}},"146":{"start":{"line":525,"column":8},"end":{"line":530,"column":null}},"147":{"start":{"line":527,"column":10},"end":{"line":527,"column":null}},"148":{"start":{"line":528,"column":10},"end":{"line":528,"column":null}},"149":{"start":{"line":529,"column":10},"end":{"line":529,"column":null}},"150":{"start":{"line":533,"column":25},"end":{"line":533,"column":null}},"151":{"start":{"line":534,"column":25},"end":{"line":534,"column":null}},"152":{"start":{"line":535,"column":8},"end":{"line":535,"column":null}},"153":{"start":{"line":540,"column":6},"end":{"line":546,"column":null}},"154":{"start":{"line":541,"column":8},"end":{"line":545,"column":null}},"155":{"start":{"line":542,"column":10},"end":{"line":542,"column":null}},"156":{"start":{"line":544,"column":10},"end":{"line":544,"column":null}},"157":{"start":{"line":549,"column":6},"end":{"line":554,"column":null}},"158":{"start":{"line":550,"column":8},"end":{"line":550,"column":null}},"159":{"start":{"line":551,"column":8},"end":{"line":551,"column":null}},"160":{"start":{"line":552,"column":8},"end":{"line":552,"column":null}},"161":{"start":{"line":557,"column":6},"end":{"line":559,"column":null}},"162":{"start":{"line":558,"column":8},"end":{"line":558,"column":null}},"163":{"start":{"line":562,"column":6},"end":{"line":570,"column":null}},"164":{"start":{"line":563,"column":21},"end":{"line":563,"column":null}},"165":{"start":{"line":564,"column":8},"end":{"line":569,"column":null}},"166":{"start":{"line":566,"column":10},"end":{"line":566,"column":null}},"167":{"start":{"line":567,"column":10},"end":{"line":567,"column":null}},"168":{"start":{"line":568,"column":10},"end":{"line":568,"column":null}},"169":{"start":{"line":573,"column":6},"end":{"line":605,"column":null}},"170":{"start":{"line":574,"column":23},"end":{"line":574,"column":null}},"171":{"start":{"line":575,"column":8},"end":{"line":575,"column":null}},"172":{"start":{"line":575,"column":21},"end":{"line":575,"column":null}},"173":{"start":{"line":578,"column":8},"end":{"line":578,"column":null}},"174":{"start":{"line":581,"column":22},"end":{"line":581,"column":null}},"175":{"start":{"line":582,"column":30},"end":{"line":589,"column":null}},"176":{"start":{"line":592,"column":8},"end":{"line":592,"column":null}},"177":{"start":{"line":595,"column":8},"end":{"line":595,"column":null}},"178":{"start":{"line":598,"column":8},"end":{"line":598,"column":null}},"179":{"start":{"line":601,"column":8},"end":{"line":601,"column":null}},"180":{"start":{"line":602,"column":8},"end":{"line":602,"column":null}},"181":{"start":{"line":603,"column":8},"end":{"line":603,"column":null}},"182":{"start":{"line":604,"column":8},"end":{"line":604,"column":null}},"183":{"start":{"line":608,"column":6},"end":{"line":644,"column":null}},"184":{"start":{"line":609,"column":24},"end":{"line":609,"column":null}},"185":{"start":{"line":610,"column":8},"end":{"line":610,"column":null}},"186":{"start":{"line":610,"column":22},"end":{"line":610,"column":null}},"187":{"start":{"line":613,"column":8},"end":{"line":613,"column":null}},"188":{"start":{"line":613,"column":31},"end":{"line":613,"column":null}},"189":{"start":{"line":615,"column":23},"end":{"line":615,"column":null}},"190":{"start":{"line":616,"column":8},"end":{"line":616,"column":null}},"191":{"start":{"line":616,"column":21},"end":{"line":616,"column":null}},"192":{"start":{"line":619,"column":8},"end":{"line":619,"column":null}},"193":{"start":{"line":622,"column":22},"end":{"line":622,"column":null}},"194":{"start":{"line":623,"column":30},"end":{"line":630,"column":null}},"195":{"start":{"line":633,"column":8},"end":{"line":633,"column":null}},"196":{"start":{"line":636,"column":29},"end":{"line":636,"column":null}},"197":{"start":{"line":637,"column":8},"end":{"line":637,"column":null}},"198":{"start":{"line":640,"column":8},"end":{"line":640,"column":null}},"199":{"start":{"line":641,"column":8},"end":{"line":641,"column":null}},"200":{"start":{"line":642,"column":8},"end":{"line":642,"column":null}},"201":{"start":{"line":643,"column":8},"end":{"line":643,"column":null}},"202":{"start":{"line":647,"column":6},"end":{"line":683,"column":null}},"203":{"start":{"line":648,"column":24},"end":{"line":648,"column":null}},"204":{"start":{"line":649,"column":8},"end":{"line":649,"column":null}},"205":{"start":{"line":649,"column":22},"end":{"line":649,"column":null}},"206":{"start":{"line":652,"column":8},"end":{"line":652,"column":null}},"207":{"start":{"line":652,"column":31},"end":{"line":652,"column":null}},"208":{"start":{"line":654,"column":23},"end":{"line":654,"column":null}},"209":{"start":{"line":655,"column":8},"end":{"line":655,"column":null}},"210":{"start":{"line":655,"column":21},"end":{"line":655,"column":null}},"211":{"start":{"line":658,"column":8},"end":{"line":658,"column":null}},"212":{"start":{"line":661,"column":22},"end":{"line":661,"column":null}},"213":{"start":{"line":662,"column":30},"end":{"line":669,"column":null}},"214":{"start":{"line":672,"column":8},"end":{"line":672,"column":null}},"215":{"start":{"line":675,"column":29},"end":{"line":675,"column":null}},"216":{"start":{"line":676,"column":8},"end":{"line":676,"column":null}},"217":{"start":{"line":679,"column":8},"end":{"line":679,"column":null}},"218":{"start":{"line":680,"column":8},"end":{"line":680,"column":null}},"219":{"start":{"line":681,"column":8},"end":{"line":681,"column":null}},"220":{"start":{"line":682,"column":8},"end":{"line":682,"column":null}},"221":{"start":{"line":686,"column":6},"end":{"line":725,"column":null}},"222":{"start":{"line":687,"column":21},"end":{"line":687,"column":null}},"223":{"start":{"line":688,"column":8},"end":{"line":688,"column":null}},"224":{"start":{"line":688,"column":19},"end":{"line":688,"column":null}},"225":{"start":{"line":691,"column":8},"end":{"line":691,"column":null}},"226":{"start":{"line":691,"column":28},"end":{"line":691,"column":null}},"227":{"start":{"line":693,"column":23},"end":{"line":693,"column":null}},"228":{"start":{"line":694,"column":8},"end":{"line":694,"column":null}},"229":{"start":{"line":694,"column":21},"end":{"line":694,"column":null}},"230":{"start":{"line":697,"column":8},"end":{"line":697,"column":null}},"231":{"start":{"line":700,"column":41},"end":{"line":711,"column":null}},"232":{"start":{"line":701,"column":20},"end":{"line":701,"column":null}},"233":{"start":{"line":702,"column":10},"end":{"line":702,"column":null}},"234":{"start":{"line":702,"column":18},"end":{"line":702,"column":null}},"235":{"start":{"line":705,"column":10},"end":{"line":707,"column":null}},"236":{"start":{"line":706,"column":12},"end":{"line":706,"column":null}},"237":{"start":{"line":710,"column":10},"end":{"line":710,"column":null}},"238":{"start":{"line":714,"column":26},"end":{"line":714,"column":null}},"239":{"start":{"line":715,"column":8},"end":{"line":715,"column":null}},"240":{"start":{"line":718,"column":8},"end":{"line":718,"column":null}},"241":{"start":{"line":721,"column":8},"end":{"line":721,"column":null}},"242":{"start":{"line":722,"column":8},"end":{"line":722,"column":null}},"243":{"start":{"line":723,"column":8},"end":{"line":723,"column":null}},"244":{"start":{"line":724,"column":8},"end":{"line":724,"column":null}},"245":{"start":{"line":728,"column":6},"end":{"line":736,"column":null}},"246":{"start":{"line":729,"column":21},"end":{"line":729,"column":null}},"247":{"start":{"line":730,"column":8},"end":{"line":730,"column":null}},"248":{"start":{"line":730,"column":19},"end":{"line":730,"column":null}},"249":{"start":{"line":733,"column":8},"end":{"line":735,"column":null}},"250":{"start":{"line":734,"column":10},"end":{"line":734,"column":null}},"251":{"start":{"line":739,"column":6},"end":{"line":792,"column":null}},"252":{"start":{"line":740,"column":21},"end":{"line":740,"column":null}},"253":{"start":{"line":741,"column":8},"end":{"line":741,"column":null}},"254":{"start":{"line":741,"column":19},"end":{"line":741,"column":null}},"255":{"start":{"line":744,"column":8},"end":{"line":744,"column":null}},"256":{"start":{"line":744,"column":40},"end":{"line":744,"column":null}},"257":{"start":{"line":747,"column":32},"end":{"line":749,"column":null}},"258":{"start":{"line":748,"column":10},"end":{"line":748,"column":null}},"259":{"start":{"line":748,"column":39},"end":{"line":748,"column":86}},"260":{"start":{"line":752,"column":29},"end":{"line":752,"column":null}},"261":{"start":{"line":755,"column":8},"end":{"line":761,"column":null}},"262":{"start":{"line":756,"column":10},"end":{"line":756,"column":null}},"263":{"start":{"line":757,"column":8},"end":{"line":761,"column":null}},"264":{"start":{"line":758,"column":10},"end":{"line":758,"column":null}},"265":{"start":{"line":760,"column":10},"end":{"line":760,"column":null}},"266":{"start":{"line":763,"column":8},"end":{"line":763,"column":null}},"267":{"start":{"line":766,"column":37},"end":{"line":788,"column":null}},"268":{"start":{"line":767,"column":30},"end":{"line":767,"column":null}},"269":{"start":{"line":768,"column":10},"end":{"line":768,"column":null}},"270":{"start":{"line":768,"column":28},"end":{"line":768,"column":null}},"271":{"start":{"line":771,"column":10},"end":{"line":782,"column":null}},"272":{"start":{"line":772,"column":12},"end":{"line":781,"column":null}},"273":{"start":{"line":774,"column":14},"end":{"line":774,"column":null}},"274":{"start":{"line":775,"column":12},"end":{"line":781,"column":null}},"275":{"start":{"line":777,"column":14},"end":{"line":777,"column":null}},"276":{"start":{"line":780,"column":14},"end":{"line":780,"column":null}},"277":{"start":{"line":785,"column":10},"end":{"line":787,"column":null}},"278":{"start":{"line":786,"column":12},"end":{"line":786,"column":null}},"279":{"start":{"line":791,"column":8},"end":{"line":791,"column":null}},"280":{"start":{"line":795,"column":6},"end":{"line":844,"column":null}},"281":{"start":{"line":796,"column":21},"end":{"line":796,"column":null}},"282":{"start":{"line":797,"column":8},"end":{"line":797,"column":null}},"283":{"start":{"line":797,"column":19},"end":{"line":797,"column":null}},"284":{"start":{"line":800,"column":8},"end":{"line":800,"column":null}},"285":{"start":{"line":800,"column":28},"end":{"line":800,"column":null}},"286":{"start":{"line":803,"column":29},"end":{"line":811,"column":null}},"287":{"start":{"line":804,"column":41},"end":{"line":804,"column":null}},"288":{"start":{"line":805,"column":10},"end":{"line":809,"column":null}},"289":{"start":{"line":806,"column":12},"end":{"line":806,"column":null}},"290":{"start":{"line":806,"column":42},"end":{"line":806,"column":null}},"291":{"start":{"line":807,"column":50},"end":{"line":807,"column":null}},"292":{"start":{"line":808,"column":12},"end":{"line":808,"column":null}},"293":{"start":{"line":810,"column":10},"end":{"line":810,"column":null}},"294":{"start":{"line":813,"column":8},"end":{"line":813,"column":null}},"295":{"start":{"line":813,"column":73},"end":{"line":813,"column":null}},"296":{"start":{"line":815,"column":26},"end":{"line":815,"column":null}},"297":{"start":{"line":816,"column":26},"end":{"line":816,"column":null}},"298":{"start":{"line":817,"column":8},"end":{"line":817,"column":null}},"299":{"start":{"line":817,"column":38},"end":{"line":817,"column":null}},"300":{"start":{"line":820,"column":8},"end":{"line":820,"column":null}},"301":{"start":{"line":823,"column":25},"end":{"line":823,"column":null}},"302":{"start":{"line":824,"column":8},"end":{"line":826,"column":null}},"303":{"start":{"line":825,"column":10},"end":{"line":825,"column":null}},"304":{"start":{"line":829,"column":28},"end":{"line":829,"column":null}},"305":{"start":{"line":830,"column":8},"end":{"line":832,"column":null}},"306":{"start":{"line":831,"column":10},"end":{"line":831,"column":null}},"307":{"start":{"line":835,"column":8},"end":{"line":835,"column":null}},"308":{"start":{"line":838,"column":8},"end":{"line":838,"column":null}},"309":{"start":{"line":841,"column":8},"end":{"line":841,"column":null}},"310":{"start":{"line":843,"column":8},"end":{"line":843,"column":null}},"311":{"start":{"line":847,"column":6},"end":{"line":882,"column":null}},"312":{"start":{"line":848,"column":21},"end":{"line":848,"column":null}},"313":{"start":{"line":849,"column":8},"end":{"line":849,"column":null}},"314":{"start":{"line":849,"column":19},"end":{"line":849,"column":null}},"315":{"start":{"line":852,"column":8},"end":{"line":852,"column":null}},"316":{"start":{"line":852,"column":28},"end":{"line":852,"column":null}},"317":{"start":{"line":854,"column":23},"end":{"line":854,"column":null}},"318":{"start":{"line":855,"column":8},"end":{"line":855,"column":null}},"319":{"start":{"line":855,"column":21},"end":{"line":855,"column":null}},"320":{"start":{"line":858,"column":26},"end":{"line":858,"column":null}},"321":{"start":{"line":859,"column":8},"end":{"line":859,"column":null}},"322":{"start":{"line":859,"column":28},"end":{"line":859,"column":null}},"323":{"start":{"line":862,"column":28},"end":{"line":862,"column":null}},"324":{"start":{"line":863,"column":26},"end":{"line":863,"column":null}},"325":{"start":{"line":864,"column":8},"end":{"line":864,"column":null}},"326":{"start":{"line":864,"column":24},"end":{"line":864,"column":null}},"327":{"start":{"line":867,"column":8},"end":{"line":867,"column":null}},"328":{"start":{"line":870,"column":8},"end":{"line":870,"column":null}},"329":{"start":{"line":873,"column":8},"end":{"line":873,"column":null}},"330":{"start":{"line":876,"column":8},"end":{"line":876,"column":null}},"331":{"start":{"line":879,"column":8},"end":{"line":879,"column":null}},"332":{"start":{"line":881,"column":8},"end":{"line":881,"column":null}},"333":{"start":{"line":885,"column":6},"end":{"line":920,"column":null}},"334":{"start":{"line":886,"column":21},"end":{"line":886,"column":null}},"335":{"start":{"line":887,"column":8},"end":{"line":887,"column":null}},"336":{"start":{"line":887,"column":19},"end":{"line":887,"column":null}},"337":{"start":{"line":890,"column":8},"end":{"line":890,"column":null}},"338":{"start":{"line":890,"column":28},"end":{"line":890,"column":null}},"339":{"start":{"line":892,"column":23},"end":{"line":892,"column":null}},"340":{"start":{"line":893,"column":8},"end":{"line":893,"column":null}},"341":{"start":{"line":893,"column":21},"end":{"line":893,"column":null}},"342":{"start":{"line":896,"column":8},"end":{"line":896,"column":null}},"343":{"start":{"line":896,"column":30},"end":{"line":896,"column":null}},"344":{"start":{"line":898,"column":28},"end":{"line":898,"column":null}},"345":{"start":{"line":899,"column":8},"end":{"line":899,"column":null}},"346":{"start":{"line":899,"column":26},"end":{"line":899,"column":null}},"347":{"start":{"line":902,"column":8},"end":{"line":902,"column":null}},"348":{"start":
[...]
finity":639,"s:1448:32:1457:Infinity":640,"b:1451:41:1451:71:1451:71:1451:Infinity":137,"f:1454:19:1454:20":140,"s:1454:32:1454:50":641,"f:1455:22:1455:23":141,"s:1455:44:1455:60":642,"b:1460:10:1462:Infinity:undefined:undefined:undefined:undefined":138,"s:1460:10:1462:Infinity":643,"s:1461:12:1461:Infinity":644,"s:1464:10:1464:Infinity":645,"s:1468:8:1468:Infinity":646,"s:1471:8:1471:Infinity":647,"b:1475:8:1480:Infinity:undefined:undefined:undefined:undefined":139,"s:1475:8:1480:Infinity":648,"s:1476:10:1479:Infinity":649,"b:1483:8:1486:Infinity:undefined:undefined:undefined:undefined":140,"s:1483:8:1486:Infinity":650,"s:1484:10:1484:Infinity":651,"s:1485:10:1485:Infinity":652,"s:1488:8:1488:Infinity":653,"f:1491:24:1491:25":142,"s:1492:6:1520:Infinity":654,"f:1492:10:1492:11":143,"s:1493:29:1493:Infinity":655,"b:1494:8:1494:Infinity:undefined:undefined:undefined:undefined":141,"s:1494:8:1494:Infinity":656,"s:1494:27:1494:Infinity":657,"s:1497:8:1497:Infinity":658,"s:1500:22:1500:Infinity":659,"s:1501:30:1508:Infinity":660,"s:1510:8:1510:Infinity":661,"s:1511:8:1511:Infinity":662,"s:1514:8:1514:Infinity":663,"s:1517:8:1517:Infinity":664,"s:1518:8:1518:Infinity":665,"s:1519:8:1519:Infinity":666,"f:1522:28:1522:29":144,"s:1523:6:1555:Infinity":667,"f:1523:10:1523:11":145,"s:1524:29:1524:Infinity":668,"b:1525:8:1525:Infinity:undefined:undefined:undefined:undefined":142,"s:1525:8:1525:Infinity":669,"b:1525:12:1525:29:1525:29:1525:51":143,"s:1525:51:1525:Infinity":670,"s:1528:8:1528:Infinity":671,"s:1531:8:1533:Infinity":672,"s:1532:10:1532:Infinity":673,"s:1536:8:1540:Infinity":674,"b:1537:10:1539:Infinity:undefined:undefined:undefined:undefined":144,"s:1537:10:1539:Infinity":675,"s:1538:12:1538:Infinity":676,"s:1543:8:1543:Infinity":677,"s:1546:8:1546:Infinity":678,"b:1549:8:1552:Infinity:undefined:undefined:undefined:undefined":145,"s:1549:8:1552:Infinity":679,"s:1550:10:1550:Infinity":680,"s:1551:10:1551:Infinity":681,"s:1554:8:1554:Infinity":682,"f:1558:10:1558:Infinity":146,"s:1559:6:1579:Infinity":683,"f:1559:10:1559:11":147,"b:1560:8:1578:Infinity:undefined:undefined:undefined:undefined":146,"s:1560:8:1578:Infinity":684,"s:1561:10:1561:Infinity":685,"s:1562:24:1562:Infinity":686,"s:1563:10:1563:Infinity":687,"s:1564:10:1564:Infinity":688,"s:1565:10:1565:Infinity":689,"s:1566:10:1566:Infinity":690,"b:1568:10:1577:Infinity:1571:17:1577:Infinity":147,"s:1568:10:1577:Infinity":691,"b:1568:27:1568:51:1568:51:1568:53":148,"s:1569:12:1569:Infinity":692,"s:1570:12:1570:Infinity":693,"s:1573:12:1573:Infinity":694,"f:1573:65:1573:66":148,"s:1573:73:1573:88":695,"b:1574:12:1576:Infinity:undefined:undefined:undefined:undefined":149,"s:1574:12:1576:Infinity":696,"b:1574:16:1574:54:1574:54:1574:76":150,"s:1575:14:1575:Infinity":697,"f:1581:10:1581:Infinity":149,"s:1582:6:1602:Infinity":698,"f:1582:10:1582:11":150,"b:1583:8:1601:Infinity:undefined:undefined:undefined:undefined":151,"s:1583:8:1601:Infinity":699,"s:1584:10:1584:Infinity":700,"s:1585:24:1585:Infinity":701,"s:1586:10:1586:Infinity":702,"s:1587:10:1587:Infinity":703,"s:1588:10:1588:Infinity":704,"s:1589:10:1589:Infinity":705,"b:1591:10:1600:Infinity:1594:17:1600:Infinity":152,"s:1591:10:1600:Infinity":706,"b:1591:27:1591:51:1591:51:1591:53":153,"s:1592:12:1592:Infinity":707,"s:1593:12:1593:Infinity":708,"s:1596:12:1596:Infinity":709,"f:1596:65:1596:66":151,"s:1596:73:1596:88":710,"b:1597:12:1599:Infinity:undefined:undefined:undefined:undefined":154,"s:1597:12:1599:Infinity":711,"b:1597:16:1597:54:1597:54:1597:76":155,"s:1598:14:1598:Infinity":712,"f:1604:13:1604:19":152,"s:1605:20:1605:Infinity":713,"s:1606:6:1606:Infinity":714,"f:1609:13:1609:19":153,"s:1610:20:1610:Infinity":715,"s:1611:6:1611:Infinity":716}}}
,"/Users/shunya/Documents/GitHub/mind-the-map/mindmap-app/src/types/iconSvg.ts": {"path":"/Users/shunya/Documents/GitHub/mind-the-map/mindmap-app/src/types/iconSvg.ts","statementMap":{"0":{"start":{"line":79,"column":40},"end":{"line":179,"column":null}},"1":{"start":{"line":182,"column":33},"end":{"line":182,"column":null}},"2":{"start":{"line":191,"column":22},"end":{"line":191,"column":null}},"3":{"start":{"line":192,"column":2},"end":{"line":194,"column":null}},"4":{"start":{"line":193,"column":4},"end":{"line":193,"column":null}},"5":{"start":{"line":196,"column":14},"end":{"line":196,"column":null}},"6":{"start":{"line":197,"column":2},"end":{"line":197,"column":null}}},"fnMap":{"0":{"name":"getIconSvg","decl":{"start":{"line":190,"column":16},"end":{"line":190,"column":27}},"loc":{"start":{"line":190,"column":88},"end":{"line":198,"column":null}},"line":190}},"branchMap":{"0":{"loc":{"start":{"line":192,"column":2},"end":{"line":194,"column":null}},"type":"if","locations":[{"start":{"line":192,"column":2},"end":{"line":194,"column":null}},{"start":{},"end":{}}],"line":192},"1":{"loc":{"start":{"line":197,"column":9},"end":{"line":197,"column":null}},"type":"binary-expr","locations":[{"start":{"line":197,"column":9},"end":{"line":197,"column":16}},{"start":{"line":197,"column":16},"end":{"line":197,"column":null}}],"line":197}},"s":{"0":1,"1":1,"2":0,"3":0,"4":0,"5":0,"6":0},"f":{"0":0},"b":{"0":[0,0],"1":[0,0]},"meta":{"lastBranch":2,"lastFunction":1,"lastStatement":7,"seen":{"s:79:40:179:Infinity":0,"s:182:33:182:Infinity":1,"f:190:16:190:27":0,"s:191:22:191:Infinity":2,"b:192:2:194:Infinity:undefined:undefined:undefined:undefined":0,"s:192:2:194:Infinity":3,"s:193:4:193:Infinity":4,"s:196:14:196:Infinity":5,"s:197:2:197:Infinity":6,"b:197:9:197:16:197:16:197:Infinity":1}}}
,"/Users/shunya/Documents/GitHub/mind-the-map/mindmap-app/src/types/icons.ts": {"path":"/Users/shunya/Documents/GitHub/mind-the-map/mindmap-app/src/types/icons.ts","statementMap":{"0":{"start":{"line":142,"column":72},"end":{"line":241,"column":null}},"1":{"start":{"line":244,"column":49},"end":{"line":250,"column":null}},"2":{"start":{"line":253,"column":33},"end":{"line":281,"column":null}},"3":{"start":{"line":255,"column":2},"end":{"line":257,"column":null}},"4":{"start":{"line":256,"column":4},"end":{"line":256,"column":null}},"5":{"start":{"line":260,"column":19},"end":{"line":260,"column":null}},"6":{"start":{"line":261,"column":2},"end":{"line":267,"column":null}},"7":{"start":{"line":263,"column":4},"end":{"line":266,"column":null}},"8":{"start":{"line":270,"column":18},"end":{"line":270,"column":null}},"9":{"start":{"line":270,"column":39},"end":{"line":270,"column":61}},"10":{"start":{"line":271,"column":2},"end":{"line":278,"column":null}},"11":{"start":{"line":273,"column":4},"end":{"line":277,"column":null}},"12":{"start":{"line":280,"column":2},"end":{"line":280,"column":null}},"13":{"start":{"line":284,"column":37},"end":{"line":307,"column":null}},"14":{"start":{"line":286,"column":2},"end":{"line":288,"column":null}},"15":{"start":{"line":287,"column":4},"end":{"line":287,"column":null}},"16":{"start":{"line":290,"column":19},"end":{"line":290,"column":null}},"17":{"start":{"line":293,"column":2},"end":{"line":295,"column":null}},"18":{"start":{"line":294,"column":4},"end":{"line":294,"column":null}},"19":{"start":{"line":297,"column":23},"end":{"line":297,"column":null}},"20":{"start":{"line":297,"column":49},"end":{"line":297,"column":71}},"21":{"start":{"line":300,"column":2},"end":{"line":302,"column":null}},"22":{"start":{"line":301,"column":4},"end":{"line":301,"column":null}},"23":{"start":{"line":304,"column":8},"end":{"line":304,"column":null}},"24":{"start":{"line":305,"column":18},"end":{"line":305,"column":null}},"25":{"start":{"line":306,"column":2},"end":{"line":306,"column":null}},"26":{"start":{"line":310,"column":27},"end":{"line":312,"column":null}},"27":{"start":{"line":311,"column":2},"end":{"line":311,"column":null}},"28":{"start":{"line":315,"column":66},"end":{"line":326,"column":null}},"29":{"start":{"line":329,"column":43},"end":{"line":340,"column":null}},"30":{"start":{"line":343,"column":39},"end":{"line":354,"column":null}},"31":{"start":{"line":344,"column":2},"end":{"line":353,"column":null}},"32":{"start":{"line":345,"column":19},"end":{"line":345,"column":null}},"33":{"start":{"line":346,"column":19},"end":{"line":346,"column":null}},"34":{"start":{"line":349,"column":19},"end":{"line":349,"column":null}},"35":{"start":{"line":350,"column":19},"end":{"line":350,"column":null}},"36":{"start":{"line":352,"column":4},"end":{"line":352,"column":null}}},"fnMap":{"0":{"name":"(anonymous_0)","decl":{"start":{"line":253,"column":33},"end":{"line":253,"column":34}},"loc":{"start":{"line":253,"column":81},"end":{"line":281,"column":null}},"line":253},"1":{"name":"(anonymous_1)","decl":{"start":{"line":270,"column":32},"end":{"line":270,"column":33}},"loc":{"start":{"line":270,"column":39},"end":{"line":270,"column":61}},"line":270},"2":{"name":"(anonymous_2)","decl":{"start":{"line":284,"column":37},"end":{"line":284,"column":38}},"loc":{"start":{"line":284,"column":67},"end":{"line":307,"column":null}},"line":284},"3":{"name":"(anonymous_3)","decl":{"start":{"line":297,"column":42},"end":{"line":297,"column":43}},"loc":{"start":{"line":297,"column":49},"end":{"line":297,"column":71}},"line":297},"4":{"name":"(anonymous_4)","decl":{"start":{"line":310,"column":27},"end":{"line":310,"column":51}},"loc":{"start":{"line":310,"column":51},"end":{"line":312,"column":null}},"line":310},"5":{"name":"(anonymous_5)","decl":{"start":{"line":343,"column":39},"end":{"line":343,"column":40}},"loc":{"start":{"line":343,"column":74},"end":{"line":354,"column":null}},"line":343},"6":{"name":"(anonymous_6)","decl":{"start":{"line":344,"column":25},"end":{"line":344,"column":26}},"loc":{"start":{"line":344,"column":35},"end":{"line":353,"column":3}},"line":344}},"branchMap":{"0":{"loc":{"start":{"line":255,"column":2},"end":{"line":257,"column":null}},"type":"if","locations":[{"start":{"line":255,"column":2},"end":{"line":257,"column":null}},{"start":{},"end":{}}],"line":255},"1":{"loc":{"start":{"line":255,"column":6},"end":{"line":255,"column":55}},"type":"binary-expr","locations":[{"start":{"line":255,"column":6},"end":{"line":255,"column":15}},{"start":{"line":255,"column":15},"end":{"line":255,"column":43}},{"start":{"line":255,"column":43},"end":{"line":255,"column":55}}],"line":255},"2":{"loc":{"start":{"line":261,"column":2},"end":{"line":267,"column":null}},"type":"if","locations":[{"start":{"line":261,"column":2},"end":{"line":267,"column":null}},{"start":{},"end":{}}],"line":261},"3":{"loc":{"start":{"line":271,"column":2},"end":{"line":278,"column":null}},"type":"if","locations":[{"start":{"line":271,"column":2},"end":{"line":278,"column":null}},{"start":{},"end":{}}],"line":271},"4":{"loc":{"start":{"line":286,"column":2},"end":{"line":288,"column":null}},"type":"if","locations":[{"start":{"line":286,"column":2},"end":{"line":288,"column":null}},{"start":{},"end":{}}],"line":286},"5":{"loc":{"start":{"line":286,"column":6},"end":{"line":286,"column":55}},"type":"binary-expr","locations":[{"start":{"line":286,"column":6},"end":{"line":286,"column":15}},{"start":{"line":286,"column":15},"end":{"line":286,"column":43}},{"start":{"line":286,"column":43},"end":{"line":286,"column":55}}],"line":286},"6":{"loc":{"start":{"line":293,"column":2},"end":{"line":295,"column":null}},"type":"if","locations":[{"start":{"line":293,"column":2},"end":{"line":295,"column":null}},{"start":{},"end":{}}],"line":293},"7":{"loc":{"start":{"line":300,"column":2},"end":{"line":302,"column":null}},"type":"if","locations":[{"start":{"line":300,"column":2},"end":{"line":302,"column":null}},{"start":{},"end":{}}],"line":300},"8":{"loc":{"start":{"line":349,"column":19},"end":{"line":349,"column":null}},"type":"cond-expr","locations":[{"start":{"line":349,"column":35},"end":{"line":349,"column":63}},{"start":{"line":349,"column":63},"end":{"line":349,"column":null}}],"line":349},"9":{"loc":{"start":{"line":350,"column":19},"end":{"line":350,"column":null}},"type":"cond-expr","locations":[{"start":{"line":350,"column":35},"end":{"line":350,"column":63}},{"start":{"line":350,"column":63},"end":{"line":350,"column":null}}],"line":350}},"s":{"0":1,"1":1,"2":1,"3":0,"4":0,"5":0,"6":0,"7":0,"8":0,"9":0,"10":0,"11":0,"12":0,"13":1,"14":0,"15":0,"16":0,"17":0,"18":0,"19":0,"20":0,"21":0,"22":0,"23":0,"24":0,"25":0,"26":1,"27":0,"28":1,"29":1,"30":1,"31":0,"32":0,"33":0,"34":0,"35":0,"36":0},"f":{"0":0,"1":0,"2":0,"3":0,"4":0,"5":0,"6":0},"b":{"0":[0,0],"1":[0,0,0],"2":[0,0],"3":[0,0],"4":[0,0],"5":[0,0,0],"6":[0,0],"7":[0,0],"8":[0,0],"9":[0,0]},"meta":{"lastBranch":10,"lastFunction":7,"lastStatement":37,"seen":{"s:142:72:241:Infinity":0,"s:244:49:250:Infinity":1,"s:253:33:281:Infinity":2,"f:253:33:253:34":0,"b:255:2:257:Infinity:undefined:undefined:undefined:undefined":0,"s:255:2:257:Infinity":3,"b:255:6:255:15:255:15:255:43:255:43:255:55":1,"s:256:4:256:Infinity":4,"s:260:19:260:Infinity":5,"b:261:2:267:Infinity:undefined:undefined:undefined:undefined":2,"s:261:2:267:Infinity":6,"s:263:4:266:Infinity":7,"s:270:18:270:Infinity":8,"f:270:32:270:33":1,"s:270:39:270:61":9,"b:271:2:278:Infinity:undefined:undefined:undefined:undefined":3,"s:271:2:278:Infinity":10,"s:273:4:277:Infinity":11,"s:280:2:280:Infinity":12,"s:284:37:307:Infinity":13,"f:284:37:284:38":2,"b:286:2:288:Infinity:undefined:undefined:undefined:undefined":4,"s:286:2:288:Infinity":14,"b:286:6:286:15:286:15:286:43:286:43:286:55":5,"s:287:4:287:Infinity":15,"s:290:19:290:Infinity":16,"b:293:2:295:Infinity:undefined:undefined:undefined:undefined":6,"s:293:2:295:Infinity":17,"s:294:4:294:Infinity":18,"s:297:23:297:Infinity":19,"f:297:42:297:43":3,"s:297:49:297:71":20,"b:300:2:302:Infinity:undefined:undefined:undefined:undefined":7,"s:300:2:302:Infinity":21,"s:301:4:301:Infinity":22,"s:304:8:304:Infinity":23,"s:305:18:305:Infinity":24,"s:306:2:306:Infinity":25,"s:310:27:312:Infinity":26,"f:310:27:310:51":4,"s:311:2:311:Infinity":27,"s:315:66:326:Infinity":28,"s:329:43:340:Infinity":29,"s:343:39:354:Infinity":30,"f:343:39:343:40":5,"s:344:2:353:Infinity":31,"f:344:25:344:26":6,"s:345:19:345:Infinity":32,"s:346:19:346:Infinity":33,"s:349:19:349:Infinity":34,"b:349:35:349:63:349:63:349:Infinity":8,"s:350:19:350:Infinity":35,"b:350:35:350:63:350:63:350:Infinity":9,"s:352:4:352:Infinity":36}}}
,"/Users/shunya/Documents/GitHub/mind-the-map/mindmap-app/src/types/index.ts": {"path":"/Users/shunya/Documents/GitHub/mind-the-map/mindmap-app/src/types/index.ts","statementMap":{},"fnMap":{},"branchMap":{},"s":{},"f":{},"b":{},"meta":{"lastBranch":0,"lastFunction":0,"lastStatement":0,"seen":{}}}
,"/Users/shunya/Documents/GitHub/mind-the-map/mindmap-app/src/utils/nodeInputHandlers.ts": {"path":"/Users/shunya/Documents/GitHub/mind-the-map/mindmap-app/src/utils/nodeInputHandlers.ts","statementMap":{"0":{"start":{"line":11,"column":30},"end":{"line":21,"column":null}},"1":{"start":{"line":15,"column":2},"end":{"line":19,"column":null}},"2":{"start":{"line":23,"column":38},"end":{"line":49,"column":null}},"3":{"start":{"line":27,"column":2},"end":{"line":33,"column":null}},"4":{"start":{"line":28,"column":4},"end":{"line":28,"column":null}},"5":{"start":{"line":28,"column":24},"end":{"line":28,"column":null}},"6":{"start":{"line":29,"column":4},"end":{"line":29,"column":null}},"7":{"start":{"line":29,"column":52},"end":{"line":29,"column":null}},"8":{"start":{"line":30,"column":4},"end":{"line":30,"column":null}},"9":{"start":{"line":31,"column":4},"end":{"line":31,"column":null}},"10":{"start":{"line":32,"column":4},"end":{"line":32,"column":null}},"11":{"start":{"line":35,"column":2},"end":{"line":43,"column":null}},"12":{"start":{"line":36,"column":4},"end":{"line":36,"column":null}},"13":{"start":{"line":37,"column":4},"end":{"line":41,"column":null}},"14":{"start":{"line":38,"column":6},"end":{"line":38,"column":null}},"15":{"start":{"line":40,"column":6},"end":{"line":40,"column":null}},"16":{"start":{"line":42,"column":4},"end":{"line":42,"column":null}},"17":{"start":{"line":45,"column":2},"end":{"line":48,"column":null}},"18":{"start":{"line":46,"column":4},"end":{"line":46,"column":null}},"19":{"start":{"line":47,"column":4},"end":{"line":47,"column":null}}},"fnMap":{"0":{"name":"(anonymous_0)","decl":{"start":{"line":11,"column":30},"end":{"line":11,"column":null}},"loc":{"start":{"line":14,"column":5},"end":{"line":21,"column":null}},"line":14},"1":{"name":"(anonymous_1)","decl":{"start":{"line":23,"column":38},"end":{"line":23,"column":null}},"loc":{"start":{"line":26,"column":5},"end":{"line":49,"column":null}},"line":26}},"branchMap":{"0":{"loc":{"start":{"line":16,"column":4},"end":{"line":19,"column":null}},"type":"binary-expr","locations":[{"start":{"line":16,"column":4},"end":{"line":16,"column":null}},{"start":{"line":17,"column":4},"end":{"line":17,"column":null}},{"start":{"line":18,"column":4},"end":{"line":18,"column":null}},{"start":{"line":19,"column":4},"end":{"line":19,"column":null}}],"line":16},"1":{"loc":{"start":{"line":27,"column":2},"end":{"line":33,"column":null}},"type":"if","locations":[{"start":{"line":27,"column":2},"end":{"line":33,"column":null}},{"start":{},"end":{}}],"line":27},"2":{"loc":{"start":{"line":28,"column":4},"end":{"line":28,"column":null}},"type":"if","locations":[{"start":{"line":28,"column":4},"end":{"line":28,"column":null}},{"start":{},"end":{}}],"line":28},"3":{"loc":{"start":{"line":29,"column":4},"end":{"line":29,"column":null}},"type":"if","locations":[{"start":{"line":29,"column":4},"end":{"line":29,"column":null}},{"start":{},"end":{}}],"line":29},"4":{"loc":{"start":{"line":35,"column":2},"end":{"line":43,"column":null}},"type":"if","locations":[{"start":{"line":35,"column":2},"end":{"line":43,"column":null}},{"start":{},"end":{}}],"line":35},"5":{"loc":{"start":{"line":37,"column":4},"end":{"line":41,"column":null}},"type":"if","locations":[{"start":{"line":37,"column":4},"end":{"line":41,"column":null}},{"start":{"line":39,"column":11},"end":{"line":41,"column":null}}],"line":37},"6":{"loc":{"start":{"line":45,"column":2},"end":{"line":48,"column":null}},"type":"if","locations":[{"start":{"line":45,"column":2},"end":{"line":48,"column":null}},{"start":{},"end":{}}],"line":45},"7":{"loc":{"start":{"line":45,"column":6},"end":{"line":45,"column":50}},"type":"binary-expr","locations":[{"start":{"line":45,"column":6},"end":{"line":45,"column":32}},{"start":{"line":45,"column":32},"end":{"line":45,"column":50}}],"line":45},"8":{"loc":{"start":{"line":47,"column":21},"end":{"line":47,"column":54}},"type":"cond-expr","locations":[{"start":{"line":47,"column":37},"end":{"line":47,"column":48}},{"start":{"line":47,"column":48},"end":{"line":47,"column":54}}],"line":47}},"s":{"0":1,"1":7,"2":1,"3":9,"4":3,"5":1,"6":2,"7":2,"8":1,"9":1,"10":1,"11":6,"12":2,"13":2,"14":1,"15":1,"16":2,"17":4,"18":2,"19":2},"f":{"0":7,"1":9},"b":{"0":[7,5,4,3],"1":[3,6],"2":[1,2],"3":[1,1],"4":[2,4],"5":[1,1],"6":[2,2],"7":[4,3],"8":[1,1]},"meta":{"lastBranch":9,"lastFunction":2,"lastStatement":20,"seen":{"s:11:30:21:Infinity":0,"f:11:30:11:Infinity":0,"s:15:2:19:Infinity":1,"b:16:4:16:Infinity:17:4:17:Infinity:18:4:18:Infinity:19:4:19:Infinity":0,"s:23:38:49:Infinity":2,"f:23:38:23:Infinity":1,"b:27:2:33:Infinity:undefined:undefined:undefined:undefined":1,"s:27:2:33:Infinity":3,"b:28:4:28:Infinity:undefined:undefined:undefined:undefined":2,"s:28:4:28:Infinity":4,"s:28:24:28:Infinity":5,"b:29:4:29:Infinity:undefined:undefined:undefined:undefined":3,"s:29:4:29:Infinity":6,"s:29:52:29:Infinity":7,"s:30:4:30:Infinity":8,"s:31:4:31:Infinity":9,"s:32:4:32:Infinity":10,"b:35:2:43:Infinity:undefined:undefined:undefined:undefined":4,"s:35:2:43:Infinity":11,"s:36:4:36:Infinity":12,"b:37:4:41:Infinity:39:11:41:Infinity":5,"s:37:4:41:Infinity":13,"s:38:6:38:Infinity":14,"s:40:6:40:Infinity":15,"s:42:4:42:Infinity":16,"b:45:2:48:Infinity:undefined:undefined:undefined:undefined":6,"s:45:2:48:Infinity":17,"b:45:6:45:32:45:32:45:50":7,"s:46:4:46:Infinity":18,"s:47:4:47:Infinity":19,"b:47:37:47:48:47:48:47:54":8}}}
}
